============================= test session starts ==============================
platform darwin -- Python 3.12.14+meta, pytest-9.0.3, pluggy-1.6.0
rootdir: /Users/bain/bainluck-dev/discover/backend
configfile: pytest.ini
plugins: asyncio-1.4.0, anyio-4.13.0
asyncio: mode=Mode.AUTO, debug=False, asyncio_default_fixture_loop_scope=None, asyncio_default_test_loop_scope=function
collected 59189 items / 52769 deselected / 6420 selected

tests/evals/test_animation_dependency_equivalence_contract.py ..         [  0%]
tests/evals/test_cache_failure_resilience.py .                           [  0%]
tests/evals/test_chunked_coverage_recomposition_contract.py .            [  0%]
tests/evals/test_cold_feed_equivalence.py .........                      [  0%]
tests/evals/test_cold_feed_generation_contract.py ......                 [  0%]
tests/evals/test_cold_feed_latency_authority.py .........                [  0%]
tests/evals/test_concurrency_lifecycle_contract.py ....                  [  0%]
tests/evals/test_curator_market_match_contract.py .                      [  0%]
tests/evals/test_discover_cardinality_containment_contract.py ......     [  0%]
tests/evals/test_discover_events_resilience.py ....                      [  0%]
tests/evals/test_discover_lead_order_contract.py ..............          [  0%]
tests/evals/test_discover_staleness_authority.py ...........             [  1%]
tests/evals/test_feed_card_trust_contract.py .....                       [  1%]
tests/evals/test_feed_cardinality_contract.py ........                   [  1%]
tests/evals/test_feed_prewarm_decay_contract.py .....                    [  1%]
tests/evals/test_feed_trust_contract.py .........                        [  1%]
tests/evals/test_first_card_client_contract.py ........                  [  1%]
tests/evals/test_morning_digest_discover_parity_contract.py ...          [  1%]
tests/evals/test_my_stuff_first_card.py ...........                      [  1%]
tests/evals/test_observed_product_quality_contract.py .                  [  1%]
tests/evals/test_play_retention_fixtures.py .                            [  1%]
tests/evals/test_polymarket_discovery_ledger.py ........................ [  2%]
....                                                                     [  2%]
tests/evals/test_precommence_live_authority.py .                         [  2%]
tests/evals/test_range_card_distribution_truth_contract.py ....          [  2%]
tests/evals/test_rendered_lifecycle_coverage_contract.py .               [  2%]
tests/integration/test_7594_canonical_ownership_pg.py s                  [  2%]
tests/integration/test_account_deletion_678_pg.py s                      [  2%]
tests/integration/test_cache_failure_seam.py .....                       [  2%]
tests/integration/test_economics_cpi_blocks_name_their_release_2564.py . [  2%]
..............                                                           [  2%]
tests/integration/test_feed_negative_rank_keeps_discover_eligibility_1927a_pg.py s [  2%]
ssssssssssssss                                                           [  2%]
tests/integration/test_feed_static_tag_filter_pg.py sssssss              [  3%]
tests/integration/test_feed_swipes_rank_never_hide_a_sport_1927_pg.py ss [  3%]
sssssssssssss                                                            [  3%]
tests/integration/test_futures_price_refresh_writes_pg.py sss            [  3%]
tests/integration/test_kalshi_game_commence_wiring_real_postgres.py sss  [  3%]
tests/integration/test_movement_window_pg.py ss                          [  3%]
tests/integration/test_numeric_movement_fields_4079_amended_real_postgres.py s [  3%]
                                                                         [  3%]
tests/integration/test_prematch_prior_lateral_equivalence_pg.py ss       [  3%]
tests/integration/test_route_admin_cockpit.py ..                         [  3%]
tests/integration/test_route_admin_providers.py ..                       [  3%]
tests/integration/test_route_category_pages.py ..                        [  3%]
tests/integration/test_route_category_spotlight_featured_gate_uxp194.py . [  3%]
............                                                             [  3%]
tests/integration/test_route_category_unpriced_rung_6255.py .            [  3%]
tests/integration/test_route_event_concept.py ...                        [  3%]
tests/integration/test_route_feed.py ................................... [  4%]
...................                                                      [  4%]
tests/integration/test_route_feed_finalizer.py ................          [  4%]
tests/integration/test_route_feed_page_base_p141.py .................... [  5%]
..                                                                       [  5%]
tests/integration/test_route_feed_prewarm.py ....                        [  5%]
tests/integration/test_route_feed_scoring.py ................            [  5%]
tests/integration/test_route_feed_seeded.py ..........                   [  5%]
tests/integration/test_route_feedback.py ......                          [  5%]
tests/integration/test_route_futures_browse.py ...                       [  5%]
tests/integration/test_route_grouped_feed_cache.py .........             [  6%]
tests/integration/test_route_grouped_feed_encoding_2554.py .....         [  6%]
tests/integration/test_route_grouped_feed_leader_order_2789.py ........  [  6%]
tests/integration/test_route_hub.py ..........                           [  6%]
tests/integration/test_route_league_futures.py .........                 [  6%]
tests/integration/test_route_multi_history.py .                          [  6%]
tests/integration/test_route_og_image.py .......                         [  6%]
tests/integration/test_route_progression_blend_uxp268.py ....            [  6%]
tests/integration/test_route_progression_card_authority_uxp270.py ...... [  6%]
...........                                                              [  6%]
tests/integration/test_route_progression_card_binding_uxp271.py ........ [  7%]
.....................                                                    [  7%]
tests/integration/test_route_related_futures_identity_6806.py ..         [  7%]
tests/integration/test_route_search_club_names_6447.py ..                [  7%]
tests/integration/test_route_search_withdraws_unpriced_card_6327.py .... [  7%]
......                                                                   [  7%]
tests/integration/test_route_search_withholds_empty_book_6676.py .....   [  7%]
tests/integration/test_route_weather.py .........                        [  7%]
tests/integration/test_search_diacritic_fold_pg_6977.py ss               [  7%]
tests/integration/test_search_odds_enrichment_equivalence.py s           [  7%]
tests/integration/test_search_recall_contract.py ss                      [  7%]
tests/integration/test_team_page_serves_the_league_row_2498.py ..        [  7%]
tests/integration/test_tennis_twin_sweep_pg.py ss                        [  7%]
tests/integration/test_the_degraded_page_withholds_the_slate_5728.py ..  [  8%]
tests/integration/test_the_unpriced_card_never_reaches_the_page_3980.py . [  8%]
.........                                                                [  8%]
tests/integration/test_tournament_sections_split.py ...                  [  8%]
tests/integration/test_twin_fold_candidate_sql_7021_pg.py ss             [  8%]
tests/integration/test_weather_featured_leader_uxp186.py ......          [  8%]
tests/integration/test_weather_sparkline_real_captures_1069.py .         [  8%]
tests/test_a_badge_never_names_a_rung_the_card_does_not_show_6903.py ... [  8%]
.....                                                                    [  8%]
tests/test_a_card_never_answers_with_its_own_title_or_number_4056.py ... [  8%]
.....................                                                    [  8%]
tests/test_a_card_resolving_today_says_so_4842.py ...................... [  9%]
..................................                                       [  9%]
tests/test_a_closed_book_cannot_price_a_live_game_6815.py ..             [  9%]
tests/test_a_coalition_card_stops_running_as_a_race_7844.py ............ [  9%]
.............                                                            [ 10%]
tests/test_a_dead_ladder_stops_pricing_dates_that_have_passed_7784.py .  [ 10%]
tests/test_a_discover_ladder_reads_a_minus_as_a_sign_7778.py ........... [ 10%]
.....................                                                    [ 10%]
tests/test_a_finished_tennis_match_cannot_have_ended_nil_nil_2772.py .   [ 10%]
tests/test_a_finished_upset_is_captioned_without_a_price_event_6477.py . [ 10%]
..                                                                       [ 10%]
tests/test_a_hollow_live_card_does_not_lead_the_rail_3946.py ........... [ 10%]
....................................................................     [ 11%]
tests/test_a_level_final_claims_no_winner_6204.py ...                    [ 12%]
tests/test_a_market_born_ghost_is_off_the_league_rails_6345.py .         [ 12%]
tests/test_a_marquee_final_reaches_page_one_5100.py ..                   [ 12%]
tests/test_a_marquee_final_reaches_page_one_wiring_5100.py ..            [ 12%]
tests/test_a_refusal_reason_soccer_cannot_reach_2245.py ...........      [ 12%]
tests/test_a_refusal_reason_tennis_cannot_reach_3193.py .........        [ 12%]
tests/test_a_runs_map_is_not_four_players_props_3594.py .....            [ 12%]
tests/test_a_scheduled_card_does_not_outlive_its_own_kickoff_4582.py ... [ 12%]
..............................                                           [ 12%]
tests/test_a_served_movement_number_is_dated_4079.py ........            [ 13%]
tests/test_a_settled_ladder_keeps_its_losing_rungs_6196.py .             [ 13%]
tests/test_a_settled_market_with_no_verdict_prints_no_price_6025.py .    [ 13%]
tests/test_a_stale_lifetime_move_is_context_not_the_lead_6482.py ...     [ 13%]
tests/test_a_stale_lifetime_move_is_context_on_a_board_too_6497.py ..... [ 13%]
.                                                                        [ 13%]
tests/test_a_three_way_game_stops_handing_the_draw_to_the_away_side_6277.py . [ 13%]
........................                                                 [ 13%]
tests/test_a_today_claim_rests_on_dated_evidence_4079.py ...             [ 13%]
tests/test_a_topic_year_key_cannot_claim_a_second_venue_6517.py .        [ 13%]
tests/test_a_value_ios_cannot_decode_never_reaches_the_wire_4120.py .    [ 13%]
tests/test_a_zero_point_move_is_not_a_why_now_6952.py .                  [ 13%]
tests/test_account_deletion_678.py .                                     [ 13%]
tests/test_admin_discover_label_eval_runs.py ....                        [ 13%]
tests/test_admin_judgments.py ...                                        [ 13%]
tests/test_admin_judgments_drift_gate.py ..                              [ 13%]
tests/test_admin_label_pass_drift.py .                                   [ 13%]
tests/test_admin_pairwise.py .                                           [ 13%]
tests/test_admin_warm_rail_read_path.py ...                              [ 14%]
tests/test_agent_origin_outbound_tag.py ...                              [ 14%]
tests/test_an_invented_kickoff_is_not_a_late_match_6346.py ...           [ 14%]
tests/test_an_unpriced_card_is_not_admitted_3980.py ..............       [ 14%]
tests/test_audit_event_matching_parser.py ...                            [ 14%]
tests/test_audit_gold_set.py .                                           [ 14%]
tests/test_authority_agreement_endpoint.py ..                            [ 14%]
tests/test_authority_flip_switch.py ........                             [ 14%]
tests/test_authority_id_collisions_2693.py .                             [ 14%]
tests/test_authority_specimens_4564.py ..                                [ 14%]
tests/test_authority_tennis_names.py ..                                  [ 14%]
tests/test_backfill_winners.py ............                              [ 14%]
tests/test_beat_single_instance_5428.py .                                [ 14%]
tests/test_blank_event_cards_4794.py .............                       [ 15%]
tests/test_blend_surface_parity.py .                                     [ 15%]
tests/test_board_sentinel.py ...                                         [ 15%]
tests/test_boring_rate_across_days.py ..                                 [ 15%]
tests/test_calibration_a_withdrawal_is_not_an_erasure_6599.py .          [ 15%]
tests/test_calibration_carried_level_p1027.py .                          [ 15%]
tests/test_calibration_cluster_sigma_p121.py .                           [ 15%]
tests/test_calibration_field_completeness_259.py .                       [ 15%]
tests/test_calibration_incremental_equals_fresh_6599.py ..               [ 15%]
tests/test_calibration_lone_claim_wiring_997.py .                        [ 15%]
tests/test_calibration_phase_ledger.py .                                 [ 15%]
tests/test_calibration_quarantine_disclosed_cells_6275.py .              [ 15%]
tests/test_calibration_scorecard_p108.py ..............................  [ 15%]
tests/test_calibration_scoring_policy_d134.py ..                         [ 15%]
tests/test_calibration_sentinel.py ...                                   [ 15%]
tests/test_calibration_sigma_ledger_p128.py .                            [ 15%]
tests/test_calibration_staged_convergence_p028.py .                      [ 15%]
tests/test_calibration_staged_futures.py .                               [ 15%]
tests/test_calibration_threshold_table_p112.py .                         [ 15%]
tests/test_calibration_unreadable_checkpoint_is_not_an_empty_one_6599.py . [ 15%]
                                                                         [ 15%]
tests/test_card_displayed_price_age_5809.py ................             [ 16%]
tests/test_card_integrity.py ........................................... [ 16%]
....                                                                     [ 16%]
tests/test_card_ladder_is_not_squeezed_7641.py ..........                [ 17%]
tests/test_card_names_an_outcome_it_draws_6219.py ...................    [ 17%]
tests/test_card_price_age_fold_5809.py ............................      [ 17%]
tests/test_card_sentence_states_the_printed_percent_4146.py ............ [ 17%]
..................                                                       [ 18%]
tests/test_card_sum_reason_2088.py ...........                           [ 18%]
tests/test_catchall_league_twin_fold_2866.py .....                       [ 18%]
tests/test_catchall_name_variant_twin_fold_2866.py .....                 [ 18%]
tests/test_census_coverage_rungs_p1214.py ......                         [ 18%]
tests/test_championship_field_club_names_6479.py .                       [ 18%]
tests/test_ci_cross_tier_manifest.py .                                   [ 18%]
tests/test_clause_d_why_now_floor_4080.py ..                             [ 18%]
tests/test_client_deletion_mirror_3836.py ..........                     [ 18%]
tests/test_client_timing_contract.py .......                             [ 18%]
tests/test_clock_anchor_applied.py ..                                    [ 18%]
tests/test_clock_anchor_guard.py .                                       [ 19%]
tests/test_cohort_endpoints_bounded_1974.py .                            [ 19%]
tests/test_cold_path_charter.py .                                        [ 19%]
tests/test_college_state_abbreviation_matching.py ...........            [ 19%]
tests/test_combat_card_is_not_a_schedule_4485.py ...........             [ 19%]
tests/test_combat_card_live_span_5603.py ............................... [ 19%]
........                                                                 [ 19%]
tests/test_combat_card_page_refuses_the_fiction_6733.py .......          [ 20%]
tests/test_combat_card_rollover_1712.py ...................              [ 20%]
tests/test_combat_card_sport_label_5603.py ............................. [ 20%]
.......                                                                  [ 20%]
tests/test_combat_card_venue_clock_2602.py ..............                [ 21%]
tests/test_combat_card_venue_identity_2602.py .......................... [ 21%]
............                                                             [ 21%]
tests/test_combat_card_venue_midnight_fold_2602.py .................     [ 22%]
tests/test_combat_main_event_is_one_determination_4555.py ...            [ 22%]
tests/test_combat_pair_display_6816.py ..                                [ 22%]
tests/test_completed_espn_final_is_not_repoisoned_7147.py .              [ 22%]
tests/test_concept_affinity_vocabulary_1927.py ......                    [ 22%]
tests/test_concept_bout_from_envelope_3058.py ......                     [ 22%]
tests/test_concept_card_displayed_price_age_5809.py .................... [ 22%]
........                                                                 [ 22%]
tests/test_concept_card_price_observed_at_5778.py ..................     [ 23%]
tests/test_concept_card_unsupported_price_6777.py ..............         [ 23%]
tests/test_concept_headline_bout_1070.py ......                          [ 23%]
tests/test_concept_leader_warm_population.py ..                          [ 23%]
tests/test_concept_links.py ..                                           [ 23%]
tests/test_container_field_fold_4153.py ..                               [ 23%]
tests/test_container_field_question_fragments_4223.py .                  [ 23%]
tests/test_container_member_leg_agreement_4203.py ..                     [ 23%]
tests/test_container_venue_window_2927.py .                              [ 23%]
tests/test_content_understanding_5273.py .                               [ 23%]
tests/test_create_events_from_truth_consumer.py .                        [ 23%]
tests/test_cu_writer_split_brain.py .                                    [ 23%]
tests/test_current_odds_serves_the_books_7221.py ........                [ 23%]
tests/test_cycling_live_pill_calendar_4449.py .                          [ 23%]
tests/test_cycling_rolling_editions.py .                                 [ 23%]
tests/test_d104_failover_stops_waiting_for_seven_days_4417.py .          [ 23%]
tests/test_datagolf.py ....                                              [ 23%]
tests/test_date_bucket_ladder_1052.py .....                              [ 23%]
tests/test_deadline_level_caption_6470.py .........................      [ 24%]
tests/test_deadline_policy_enforcement_census_3955.py .                  [ 24%]
tests/test_deadline_question_ladder_is_not_squeezed_7667.py ..           [ 24%]
tests/test_discover_bundle_awards_venue_question_6353.py ............... [ 24%]
                                                                         [ 24%]
tests/test_discover_bundle_candidacy_is_not_victory_7552.py ............ [ 24%]
....................                                                     [ 25%]
tests/test_discover_bundle_duplicate_family_4446.py ......               [ 25%]
tests/test_discover_bundle_season_split_4147.py ...................      [ 25%]
tests/test_discover_bundle_shared_question_4066.py ..................... [ 25%]
..............                                                           [ 25%]
tests/test_discover_bundle_tennis_duplicate_4479.py ................     [ 26%]
tests/test_discover_bundles.py ......................................... [ 26%]
.......                                                                  [ 26%]
tests/test_discover_candidate_snapshot.py ........                       [ 27%]
tests/test_discover_card_archetypes.py ..........................        [ 27%]
tests/test_discover_concept_spacing_2602.py ............................ [ 27%]
........................................................................ [ 29%]
....................................                                     [ 29%]
tests/test_discover_display_chain_shared.py .......................      [ 29%]
tests/test_discover_eligibility_reads_admission_1927a.py ............    [ 30%]
tests/test_discover_engagement_rank_buckets.py ..                        [ 30%]
tests/test_discover_feature_tokens_memo_lat228.py .........              [ 30%]
tests/test_discover_golf_tournament_story_6423.py ...................... [ 30%]
..................................................                       [ 31%]
tests/test_discover_interaction_write_path.py ....                       [ 31%]
tests/test_discover_judge_rubric.py ..................                   [ 31%]
tests/test_discover_label_eval_runs.py ......                            [ 31%]
tests/test_discover_llm_metadata.py ............                         [ 32%]
tests/test_discover_provenance.py ...................................    [ 32%]
tests/test_discover_reason_tags.py ..                                    [ 32%]
tests/test_discover_trace_matches_served_feed.py ................        [ 32%]
tests/test_discover_ufc_event_story_2602.py ..............               [ 33%]
tests/test_discover_ufc_events_residual_question.py ...................  [ 33%]
tests/test_discovery_advances_betting_consensus_5426.py ...........      [ 33%]
tests/test_duplicate_condition_outcomes.py .                             [ 33%]
tests/test_duplicate_leg_surfaces_q480.py ....                           [ 33%]
tests/test_economics_government_distributions.py .                       [ 33%]
tests/test_economics_ladder_threshold_grammar_7827.py .                  [ 33%]
tests/test_economics_metals_reach_the_page_7809.py .                     [ 33%]
tests/test_economics_mortgage_card_6702.py .....................         [ 34%]
tests/test_economics_rate_path_hides_imminent_fomc_2870.py ............. [ 34%]
...........                                                              [ 34%]
tests/test_economics_recession_headline_2674.py ....                     [ 34%]
tests/test_economics_todays_close_names_a_threshold_ladder_7115.py ..... [ 34%]
...                                                                      [ 34%]
tests/test_economics_todays_close_withholds_an_unpriced_leg_7085.py .    [ 34%]
tests/test_empty_book_bid_bound_5333.py ...                              [ 34%]
tests/test_empty_book_midpoint_5247.py ..                                [ 34%]
tests/test_empty_book_spread_shape_6727.py .....                         [ 34%]
tests/test_entity_page_tiers.py ...                                      [ 34%]
tests/test_espn_clinch.py .                                              [ 34%]
tests/test_espn_dark_fallback_coverage_2867.py ...                       [ 34%]
tests/test_espn_id_stamp_collision.py .                                  [ 34%]
tests/test_espn_identity_is_not_borrowed_6215.py .                       [ 34%]
tests/test_espn_tennis.py ....                                           [ 34%]
tests/test_espn_tennis_anchor.py .                                       [ 34%]
tests/test_evaluate_discover_label_gold_set.py .....                     [ 35%]
tests/test_evaluate_discover_llm_judge.py ....                           [ 35%]
tests/test_event_boxing.py ............                                  [ 35%]
tests/test_event_card_duel_percents_2114.py ..................           [ 35%]
tests/test_event_concept.py ...                                          [ 35%]
tests/test_event_concept_one_number.py .                                 [ 35%]
tests/test_event_f1.py .                                                 [ 35%]
tests/test_event_taxonomy.py .......                                     [ 35%]
tests/test_event_tennis_identity.py ......                               [ 35%]
tests/test_event_twin_fold_opening_carry_5918.py .......                 [ 35%]
tests/test_event_ufc.py ..................                               [ 36%]
tests/test_events_list_blank_cards_3016.py ...................           [ 36%]
tests/test_events_list_tag_fold_5918.py .......                          [ 36%]
tests/test_events_list_venue_settled_7092.py ........                    [ 36%]
tests/test_exact_score_ladder_1052.py .                                  [ 36%]
tests/test_explanation_coverage_has_one_definition_4169.py .             [ 36%]
tests/test_export_discover_interestingness.py ......                     [ 36%]
tests/test_export_discover_labeled_dataset.py .....                      [ 36%]
tests/test_export_discover_labeling_batch.py ......                      [ 37%]
tests/test_fed_bundle_seats_only_the_jurisdiction_it_asks_about_7494.py . [ 37%]
...                                                                      [ 37%]
tests/test_feed_altdata_template_flood_6416.py ......................... [ 37%]
............                                                             [ 37%]
tests/test_feed_audit_vacuity.py ....                                    [ 37%]
tests/test_feed_binary_meta_strip.py .....                               [ 37%]
tests/test_feed_blend_weight_fail_dark.py .......                        [ 37%]
tests/test_feed_broaden_pass_reuse.py .....                              [ 38%]
tests/test_feed_browsing_editions_5102.py .............................. [ 38%]
....................                                                     [ 38%]
tests/test_feed_cache.py ...........................                     [ 39%]
tests/test_feed_candidate_base_equivalence.py ........                   [ 39%]
tests/test_feed_candidate_pool_specs.py ......                           [ 39%]
tests/test_feed_candidate_pools.py ...                                   [ 39%]
tests/test_feed_canonical_counts_skip_scan.py ........                   [ 39%]
tests/test_feed_card_hero_4971.py .........                              [ 39%]
tests/test_feed_card_live_latch_5324.py ..........                       [ 39%]
tests/test_feed_card_price_observed_at_5752.py ............              [ 40%]
tests/test_feed_card_probability_authority.py ......                     [ 40%]
tests/test_feed_card_question_echo_3491.py ............................. [ 40%]
........................................                                 [ 41%]
tests/test_feed_card_sum_2088.py ...........                             [ 41%]
tests/test_feed_category_browse_q467.py ................................ [ 41%]
..............                                                           [ 42%]
tests/test_feed_completed_freshness_decay_3484.py ...................... [ 42%]
.........                                                                [ 42%]
tests/test_feed_concept_empty_gate.py ...                                [ 42%]
tests/test_feed_concept_leader.py ....................                   [ 43%]
tests/test_feed_concept_leader_warm_seam.py ................             [ 43%]
tests/test_feed_concept_no_inventory_counts_4066.py .................... [ 43%]
..                                                                       [ 43%]
tests/test_feed_concept_single_scan.py .........                         [ 43%]
tests/test_feed_concept_stage_key_bucket_p104.py ....................... [ 44%]
.....................................................................    [ 45%]
tests/test_feed_concept_tag_filter.py ..........................         [ 45%]
tests/test_feed_curator_recall_freshness.py ......                       [ 45%]
tests/test_feed_daily_direction_filler.py .............................. [ 46%]
..............................................                           [ 46%]
tests/test_feed_dead_market_clock_uxp251.py ............................ [ 47%]
..........................                                               [ 47%]
tests/test_feed_degraded_publication.py ....                             [ 47%]
tests/test_feed_discover_affinities.py ....................              [ 48%]
tests/test_feed_discover_dismiss_escalation_5453.py .................... [ 48%]
............................                                             [ 48%]
tests/test_feed_discover_event_demotion.py ...                           [ 48%]
tests/test_feed_discover_event_demotion_reachability.py .........        [ 49%]
tests/test_feed_discover_token_dedup.py ................................ [ 49%]
...............................                                          [ 49%]
tests/test_feed_dismiss_propagation.py ...                               [ 50%]
tests/test_feed_dominant_field_halving_uxp163.py .............           [ 50%]
tests/test_feed_empty_card_282.py ..........                             [ 50%]
tests/test_feed_event_candidates.py .................................... [ 50%]
.                                                                        [ 50%]
tests/test_feed_event_concepts.py .....................                  [ 51%]
tests/test_feed_fixture_marquee_pin_4541.py .........                    [ 51%]
tests/test_feed_fused_broaden_pass.py .................................. [ 51%]
..                                                                       [ 51%]
tests/test_feed_hero_dimensions_p195.py ............                     [ 52%]
tests/test_feed_house_duplicate_year_qualifier_6537.py ................. [ 52%]
.....                                                                    [ 52%]
tests/test_feed_humanises_sport_name_at_the_publish_boundary_6444.py ... [ 52%]
........................................................................ [ 53%]
.............                                                            [ 53%]
tests/test_feed_inert_principal_share_p089.py ..........                 [ 54%]
tests/test_feed_keyed_card_dismissal_5951.py ................            [ 54%]
tests/test_feed_live_cache_ceiling.py .................................. [ 54%]
...                                                                      [ 54%]
tests/test_feed_live_first_page_wiring_2709.py ..........                [ 55%]
tests/test_feed_live_prewarm.py ..................................       [ 55%]
tests/test_feed_market_load_fits_the_shared_wire_lat_p221.py ........... [ 55%]
.....                                                                    [ 55%]
tests/test_feed_market_load_shared_lat_p174.py ......                    [ 55%]
tests/test_feed_market_quality.py ...................................... [ 56%]
........................................................................ [ 57%]
........................................................................ [ 58%]
..................                                                       [ 59%]
tests/test_feed_market_type_load_only_1698.py .........                  [ 59%]
tests/test_feed_marquee_pin.py ......................................... [ 59%]
.                                                                        [ 59%]
tests/test_feed_matching.py .....................                        [ 60%]
tests/test_feed_native_parity.py .......                                 [ 60%]
tests/test_feed_normalization.py .......                                 [ 60%]
tests/test_feed_ordering_across_page_sizes_5101.py ..................... [ 60%]
                                                                         [ 60%]
tests/test_feed_outcome_projection_cert622.py ......                     [ 60%]
tests/test_feed_page_base_p141.py ...................................... [ 61%]
................................                                         [ 61%]
tests/test_feed_personalization_roundtrips_p113.py ........              [ 61%]
tests/test_feed_phantom_midpoint_suppression.py ............             [ 62%]
tests/test_feed_prematch_payload.py ......                               [ 62%]
tests/test_feed_prewarm.py .................................             [ 62%]
tests/test_feed_prewarm_absent_shape_net.py .....................        [ 63%]
tests/test_feed_quality_alex_rules.py ................ssss               [ 63%]
tests/test_feed_quality_debug.py .                                       [ 63%]
tests/test_feed_quality_debug_ground_truth.py .                          [ 63%]
tests/test_feed_rank_desaturation.py ........                            [ 63%]
tests/test_feed_reasons.py ............................................. [ 64%]
............                                                             [ 64%]
tests/test_feed_reasons_bare_quantity_answer_7331.py ..........          [ 64%]
tests/test_feed_reasons_binary_is_not_a_race_4066.py ................... [ 64%]
                                                                         [ 64%]
tests/test_feed_reasons_negation_leader.py ............................. [ 65%]
.................................                                        [ 65%]
tests/test_feed_reasons_serve_no_diagnostics_4160.py .................   [ 66%]
tests/test_feed_recycling.py ......                                      [ 66%]
tests/test_feed_regional_election_admission_1958.py .............        [ 66%]
tests/test_feed_response_finalizer.py ............                       [ 66%]
tests/test_feed_same_question_duplicate_cards_6400.py ................   [ 66%]
tests/test_feed_score_events_resilience.py ..                            [ 66%]
tests/test_feed_score_futures_resilience.py ...                          [ 66%]
tests/test_feed_scoring.py ...........................................   [ 67%]
tests/test_feed_seasonless_canonical_dedupe_4799.py .............        [ 67%]
tests/test_feed_served_markets.py ...................................... [ 68%]
.......                                                                  [ 68%]
tests/test_feed_shared_build_counters_name_the_artifact_lat_p223.py .... [ 68%]
..                                                                       [ 68%]
tests/test_feed_shared_build_survives_a_cold_worker.py ................. [ 68%]
..............                                                           [ 69%]
tests/test_feed_shared_principal_independent_build.py ................   [ 69%]
tests/test_feed_shares_the_detail_divisor_7537.py ...................... [ 69%]
......                                                                   [ 69%]
tests/test_feed_sources_shape_gate_6669.py ............                  [ 69%]
tests/test_feed_sports_first_page_end_to_end_3484.py .....               [ 70%]
tests/test_feed_stage_observability.py .........                         [ 70%]
tests/test_feed_stale_suppression.py ................................... [ 70%]
.                                                                        [ 70%]
tests/test_feed_static_tag_filter_reaches_sql.py ..........              [ 70%]
tests/test_feed_subnational_election_story.py ..............             [ 71%]
tests/test_feed_tournament_destination_1471.py .......                   [ 71%]
tests/test_feed_twin_fold_route_4100.py ....                             [ 71%]
tests/test_feedback.py ..........                                        [ 71%]
tests/test_fight_card_live_pill_4505.py .................                [ 71%]
tests/test_finished_marquee_on_discover_4681.py ................         [ 71%]
tests/test_first_page_quality_floor_1958.py .....                        [ 72%]
tests/test_flow_sentinel.py .................                            [ 72%]
tests/test_flow_sentinel_dark_class.py ..                                [ 72%]
tests/test_futures_browse_faceted_withhold_6993.py ..                    [ 72%]
tests/test_futures_categorization.py ...................                 [ 72%]
tests/test_futures_highlights.py ......                                  [ 72%]
tests/test_futures_related_events_twin_fold_5918.py .                    [ 72%]
tests/test_futures_settled_liveness.py .                                 [ 72%]
tests/test_game_market_club_names_6447.py .                              [ 72%]
tests/test_game_markets.py .                                             [ 72%]
tests/test_game_period_timing_5140.py .                                  [ 72%]
tests/test_game_state.py ...                                             [ 72%]
tests/test_gold_label_store_convergence.py ...                           [ 72%]
tests/test_golf_card_dates_its_today_claim_7179.py ..................... [ 73%]
................                                                         [ 73%]
tests/test_golf_card_name_keeps_the_apostrophe_7020.py ..............    [ 73%]
tests/test_golf_card_snapshot_uxp271.py .............................    [ 74%]
tests/test_golf_family_header_keeps_the_venues_capitals_7348.py ..       [ 74%]
tests/test_golf_identity_prefilter.py .                                  [ 74%]
tests/test_golf_movement_is_points_not_percent_d1.py ......              [ 74%]
tests/test_golf_multitour_schedule.py .......                            [ 74%]
tests/test_golf_tour_badge_uxp185.py .......                             [ 74%]
tests/test_graded_card_contract.py ..................................... [ 75%]
........................................................................ [ 76%]
...............................                                          [ 76%]
tests/test_graded_share_census_endpoint_p069.py .                        [ 76%]
tests/test_grid_publishes_a_graded_leg_7387.py .                         [ 76%]
tests/test_grouped_feed_cache.py ..................                      [ 77%]
tests/test_grouped_feed_cache_encoding_2554.py ...........               [ 77%]
tests/test_grouped_feed_container_fold_route_4153.py ...........         [ 77%]
tests/test_grouped_feed_empty_book_6676.py ............................. [ 77%]
                                                                         [ 77%]
tests/test_grouped_feed_priced_admission_2710.py ...................     [ 78%]
tests/test_highlights_pregame_period_5012.py ..                          [ 78%]
tests/test_hook_prompt_has_no_newsletter_prose_5461.py .                 [ 78%]
tests/test_hook_staleness.py .                                           [ 78%]
tests/test_http_cache_isolation.py .......                               [ 78%]
tests/test_hub_applies_the_serve_time_price_guards_7016.py .             [ 78%]
tests/test_hub_match_card_is_not_an_exact_score_prop_3640.py ........... [ 78%]
................                                                         [ 78%]
tests/test_hub_match_card_names_its_sides_3089.py ...................    [ 79%]
tests/test_hub_match_names_its_tournament_3508.py .............          [ 79%]
tests/test_hub_rail_orders_the_slam_above_the_challenger_3640.py ..      [ 79%]
tests/test_identity_door_refuses_foreign_espn_id_7441.py .               [ 79%]
tests/test_image_dimensions.py .                                         [ 79%]
tests/test_imminent_marquee_on_discover_4898.py ................         [ 79%]
tests/test_incoherent_ladder_rung_4610.py ............                   [ 79%]
tests/test_interestingness_blend.py .                                    [ 79%]
tests/test_interestingness_side_by_side.py .                             [ 79%]
tests/test_kalshi_date_only_fold_6007.py ...                             [ 79%]
tests/test_kalshi_discovery_receipt_is_readable.py ..................... [ 80%]
.................................                                        [ 80%]
tests/test_kalshi_discovery_tag_widening.py ............................ [ 81%]
......                                                                   [ 81%]
tests/test_kalshi_exact_count_leg_is_not_a_placeholder_7429.py ...       [ 81%]
tests/test_kalshi_expected_expiration_2644.py .                          [ 81%]
tests/test_kalshi_forward_capture_grade_p1004.py .....                   [ 81%]
tests/test_kalshi_occurrence_start_5905.py .                             [ 81%]
tests/test_kalshi_placeholder_regex_eats_real_names_4246.py ...          [ 81%]
tests/test_kalshi_resolution_sweep_998.py ..                             [ 81%]
tests/test_kalshi_resolution_window_989.py .                             [ 81%]
tests/test_kalshi_series_discovery.py .................................. [ 81%]
....................                                                     [ 82%]
tests/test_kalshi_venue_structure_over_club_noun_7012.py ..              [ 82%]
tests/test_labeling_card_trio_2060.py .........................          [ 82%]
tests/test_labeling_sampler_serves_renderable_2019.py ......             [ 82%]
tests/test_lat_p068_occupancy_observe.py .                               [ 82%]
tests/test_latency_stats.py ..                                           [ 82%]
tests/test_latin_letter_fold_5878.py .                                   [ 82%]
tests/test_lead_is_claimed_only_when_the_board_shows_it_6187.py ........ [ 82%]
.........                                                                [ 83%]
tests/test_leader_order_2789.py .                                        [ 83%]
tests/test_leader_verb_place_name_teams_6550.py ..                       [ 83%]
tests/test_league_games_rail_probability.py ...........                  [ 83%]
tests/test_league_page_league_vocabulary_7397.py ..                      [ 83%]
tests/test_league_page_tag_fold_5853.py ....                             [ 83%]
tests/test_league_page_twin_fold_5496.py ...                             [ 83%]
tests/test_league_past_rails_twin_fold_5746.py .                         [ 83%]
tests/test_league_rail_competition_share_3872.py ..                      [ 83%]
tests/test_league_rail_venue_settled_6739.py ...                         [ 83%]
tests/test_league_unreported_ghost_behind_the_cap_5802.py ...            [ 83%]
tests/test_league_upcoming_vs_final_5532.py ..                           [ 83%]
tests/test_live_blend.py .                                               [ 83%]
tests/test_live_caption_away_price_6238.py ...                           [ 83%]
tests/test_live_caption_forbidden_claims_5439.py .............           [ 83%]
tests/test_live_first_page.py ..                                         [ 83%]
tests/test_live_reason_is_earned_4580.py ...                             [ 83%]
tests/test_live_state_does_not_run_backwards_6056.py ............        [ 84%]
tests/test_llm.py .                                                      [ 84%]
tests/test_market_grouping.py ......                                     [ 84%]
tests/test_market_liquidity_ux157.py ..                                  [ 84%]
tests/test_marquee_final_stays_fourteen_hours_d118.py .................. [ 84%]
                                                                         [ 84%]
tests/test_marquee_leads_from_admission_window_5099.py .......           [ 84%]
tests/test_mlb_api.py .                                                  [ 84%]
tests/test_mlb_fails_over_and_the_ruling_still_cannot_skip_the_structure_4436.py . [ 84%]
                                                                         [ 84%]
tests/test_morning_digest.py ..                                          [ 84%]
tests/test_name_normalization.py ..                                      [ 84%]
tests/test_names_match_authority_2046.py ....x                           [ 84%]
tests/test_nfl_preseason_twin_fold_2866.py ....                          [ 84%]
tests/test_nfl_prop_stat_vocabulary_6909.py .                            [ 84%]
tests/test_nhl_joins_the_ruled_failover_set_7089.py .                    [ 84%]
tests/test_no_result_without_a_winner_3617.py .....                      [ 85%]
tests/test_nonclique_star_fold_6047.py ...                               [ 85%]
tests/test_odds_scores_stale_id_guard.py ..                              [ 85%]
tests/test_one_divisor_rule_for_expired_rungs_7274.py ......             [ 85%]
tests/test_one_match_winner_card_per_fixture_6799.py ................... [ 85%]
........................                                                 [ 85%]
tests/test_opening_baseline_dates_the_lifetime_move_4758.py .            [ 85%]
tests/test_opening_is_frozen_before_it_is_published_3922.py ....         [ 85%]
tests/test_outcome_display.py ..                                         [ 85%]
tests/test_outcome_display_names_4151.py .                               [ 86%]
tests/test_overlap_census_closure_p032.py .                              [ 86%]
tests/test_overtime_noun_and_guessed_total_2757.py .                     [ 86%]
tests/test_partial_field_card_is_withheld_3721.py ...................    [ 86%]
tests/test_participant_face_on_every_surface_3784.py ..                  [ 86%]
tests/test_participant_images_1052.py ................                   [ 86%]
tests/test_personalization.py .....................                      [ 86%]
tests/test_pg_gate_seed_completeness.py .                                [ 86%]
tests/test_placeholder_commence_is_not_a_start_q066b.py .                [ 86%]
tests/test_placeholder_headline_3513.py ................................ [ 87%]
.....................................                                    [ 88%]
tests/test_placement_grid_1052.py ..                                     [ 88%]
tests/test_playoff_grid.py .                                             [ 88%]
tests/test_politics_drops_the_hard_excluded_families_7321.py ........... [ 88%]
......                                                                   [ 88%]
tests/test_politics_gubernatorial_is_us_only_7240.py .....               [ 88%]
tests/test_polling_config.py ..                                          [ 88%]
tests/test_polymarket_email_ground_truth.py .                            [ 88%]
tests/test_polymarket_game_prop_category_5516.py ..                      [ 88%]
tests/test_polymarket_pickleball_tag_names_the_sport_6651.py ...         [ 88%]
tests/test_polymarket_sunk_open_events_6758.py .                         [ 88%]
tests/test_polymarket_winner_slot_gate_5031.py ......                    [ 88%]
tests/test_posted_book_no_measured_volume_5781.py .                      [ 88%]
tests/test_postseason_story_needs_a_postseason_4161.py ..                [ 88%]
tests/test_prediction_market_matching.py .............                   [ 88%]
tests/test_prematch_prior_binds.py .                                     [ 88%]
tests/test_prematch_reading.py .                                         [ 88%]
tests/test_price_table_fold_6390.py .                                    [ 88%]
tests/test_probability_eligibility_cu4_5311.py .                         [ 88%]
tests/test_product_brain_integrity.py .                                  [ 89%]
tests/test_prop_template_family.py .                                     [ 89%]
tests/test_proven_duplicate_2263.py .......                              [ 89%]
tests/test_question_ladder_is_not_squeezed_7674.py ...                   [ 89%]
tests/test_rail_clock_is_the_recovered_kickoff_6031.py ........          [ 89%]
tests/test_rate_limit.py .                                               [ 89%]
tests/test_recent_upset_chip_needs_a_winner_6279.py .                    [ 89%]
tests/test_recent_upset_chip_needs_the_underdog_to_win_6529.py .         [ 89%]
tests/test_reconcile_shared_fixture_ids_5746.py ..                       [ 89%]
tests/test_repair_3026_question_events.py .                              [ 89%]
tests/test_repair_4242_polymarket_phantom_events.py .                    [ 89%]
tests/test_repair_5221_second_half.py .                                  [ 89%]
tests/test_repair_polymarket_club_noun_category_6955.py ..               [ 89%]
tests/test_repair_polymarket_senate_category_4229.py .                   [ 89%]
tests/test_repair_statpal_fabricated_ids_2963.py .                       [ 89%]
tests/test_repair_weather_shelf_disease.py .                             [ 89%]
tests/test_replay_discover_ranking.py .........                          [ 89%]
tests/test_resolution_catalyst_reaches_the_card_4695.py ................ [ 89%]
...                                                                      [ 89%]
tests/test_resolution_copy_is_a_duration_4805.py ...                     [ 89%]
tests/test_retracted_grade_is_not_a_verdict_6876.py .                    [ 90%]
tests/test_rig_tree_copy_follows_sources.py ...                          [ 90%]
tests/test_route_championship_field_club_names_6479.py .                 [ 90%]
tests/test_route_feed_championship_field_club_names_6479.py ............ [ 90%]
........                                                                 [ 90%]
tests/test_schedule_first.py .....                                       [ 90%]
tests/test_schedule_sentinel.py ........                                 [ 90%]
tests/test_schedule_sentinel_false_green_1827.py .                       [ 90%]
tests/test_score_futures_serves_no_diagnostic_headline_4160.py ...       [ 90%]
tests/test_score_series_fold_6462.py .                                   [ 90%]
tests/test_search_card_count_names_the_served_board_6585.py ............ [ 90%]
....                                                                     [ 90%]
tests/test_search_card_drops_the_superseded_name_twin_7180.py .......... [ 91%]
...                                                                      [ 91%]
tests/test_search_card_prints_a_zero_price_6195.py .........             [ 91%]
tests/test_search_card_serves_the_league_row_5758.py .............       [ 91%]
tests/test_search_club_names_6447.py ........                            [ 91%]
tests/test_search_empty_book_6676.py .....                               [ 91%]
tests/test_search_entity_header_is_the_readers_own_words_5736.py ....    [ 91%]
tests/test_search_family_header_neutral_titles_6941b.py ......           [ 91%]
tests/test_search_family_headline_answers_7261.py ..                     [ 91%]
tests/test_search_futures_price_age_6018.py ............                 [ 92%]
tests/test_search_intent_5060.py ....                                    [ 92%]
tests/test_search_league_vocabulary_7397.py ...                          [ 92%]
tests/test_search_non_sport_tier_label_7369.py .                         [ 92%]
tests/test_search_scorer_wiring.py ....                                  [ 92%]
tests/test_search_suggestions_mover_grammar_3987.py ..                   [ 92%]
tests/test_search_team_nickname_game_cards_4809.py ................      [ 92%]
tests/test_search_team_pool_shape.py .                                   [ 92%]
tests/test_search_total_results_stable_across_pages_5559.py .            [ 92%]
tests/test_search_twin_fold_5513.py .                                    [ 92%]
tests/test_search_withdraws_the_answerless_card_3412.py ................ [ 92%]
..                                                                       [ 92%]
tests/test_search_withdraws_the_unreadable_board_5516.py .........       [ 92%]
tests/test_search_withdraws_wholly_unpriced_card_6327.py ............    [ 93%]
tests/test_search_withholds_refused_price_6993.py ..                     [ 93%]
tests/test_search_wrong_sport_demotion_7259.py .                         [ 93%]
tests/test_season_market_discovery_lat_p144.py ......................... [ 93%]
............                                                             [ 93%]
tests/test_segment_scoped_winner_5698.py ..                              [ 93%]
tests/test_sentinel_durable_evidence_298.py .                            [ 93%]
tests/test_sentry_ceiling_1894.py ...........                            [ 93%]
tests/test_settled_beats_inferred_1803.py ......                         [ 94%]
tests/test_settled_card_has_no_movement_string_4094.py ...........       [ 94%]
tests/test_settled_outcomes_carry_no_price_5246.py .                     [ 94%]
tests/test_shared_artifact_node_gauge_lat_p274.py .                      [ 94%]
tests/test_shared_artifact_total_age_lat_p230.py .....                   [ 94%]
tests/test_silent_first_page_cards_yield_the_slot_4695.py .............. [ 94%]
..........                                                               [ 94%]
tests/test_slam_tennis_league_tier_2552.py .......ss                     [ 94%]
tests/test_slate_row_in_play_line_live063.py .                           [ 94%]
tests/test_snapshot_discover_ground_truth_diagnostics.py .               [ 94%]
tests/test_soccer_kickoff_drift_fold_5964.py ..                          [ 94%]
tests/test_soccer_statpal_stamper_3366.py .                              [ 94%]
tests/test_soccer_stranded_markets_3813.py ...                           [ 95%]
tests/test_soccer_team_matching_3366.py .                                [ 95%]
tests/test_soccer_transliteration_fold_5905.py ...                       [ 95%]
tests/test_source_divergence.py .                                        [ 95%]
tests/test_sport_affinity_client_vocabulary_6671.py ...                  [ 95%]
tests/test_sport_chip_names_the_competition_2621.py .....                [ 95%]
tests/test_sport_display_name_on_the_remaining_surfaces_6444.py .        [ 95%]
tests/test_sport_keys.py .....................                           [ 95%]
tests/test_sports_first_page_client_deletion_3836.py ............        [ 95%]
tests/test_sports_first_page_futures_cap_4497.py ......                  [ 95%]
tests/test_sports_first_page_rails_3511.py ...                           [ 95%]
tests/test_sports_first_page_rails_wiring_3511.py ....                   [ 95%]
tests/test_sports_page_categories.py ....                                [ 95%]
tests/test_staleness_does_not_end_a_match.py .                           [ 96%]
tests/test_standings_conf_rank_write_dead_4811.py ..                     [ 96%]
tests/test_statement_timeout_soft_failure_contract.py .                  [ 96%]
tests/test_static_divisions.py .                                         [ 96%]
tests/test_story_cap_reserve_fills_its_own_bundle_7426.py ....           [ 96%]
tests/test_suspended_is_reachable_cert_786.py ........                   [ 96%]
tests/test_suspended_rows_do_not_starve_the_results_rail_3748.py .       [ 96%]
tests/test_swipes_rank_never_hide_a_sport_1927.py .........              [ 96%]
tests/test_tag_counts_serves_what_the_page_renders_4920.py ..            [ 96%]
tests/test_team_binding_invariant.py .                                   [ 96%]
tests/test_team_cache_detachment.py .                                    [ 96%]
tests/test_team_card_picks_the_clubs_own_competition_4489.py ........... [ 96%]
......................                                                   [ 96%]
tests/test_team_card_probability_5382.py ..........................      [ 97%]
tests/test_team_identity_resolution_2001.py .                            [ 97%]
tests/test_team_page_twin_fold_5487.py .                                 [ 97%]
tests/test_team_pattern_match_6806.py ...                                [ 97%]
tests/test_team_sport_aware_lookup_7262.py ...                           [ 97%]
tests/test_tennis_games_map_scope_3161.py ..                             [ 97%]
tests/test_tennis_identity_invariants_3258.py .                          [ 97%]
tests/test_tennis_match_winner_blend_q501.py ...............             [ 97%]
tests/test_tennis_twin_pairs_2878.py .                                   [ 97%]
tests/test_tennis_twin_sweep_2878.py ...                                 [ 97%]
tests/test_the_hub_prints_a_field_and_its_legs_under_two_headings_7437.py . [ 97%]
...                                                                      [ 97%]
tests/test_the_hub_stops_printing_a_grouped_market_and_its_legs_7400.py . [ 97%]
.....                                                                    [ 98%]
tests/test_the_morning_keeps_the_game_that_mattered_5300.py ..           [ 98%]
tests/test_the_played_gate_reaches_a_market_with_no_event_via_its_group_6304.py . [ 98%]
....                                                                     [ 98%]
tests/test_the_published_reversed_twins_are_taken_back_7594.py ..        [ 98%]
tests/test_tonights_games.py ...                                         [ 98%]
tests/test_tournament_doubles_4124.py .                                  [ 98%]
tests/test_tournament_event_link.py .                                    [ 98%]
tests/test_tournament_final_blend_5893.py ..                             [ 98%]
tests/test_tournament_match.py ...                                       [ 98%]
tests/test_tournament_prop_settles_from_the_venue_4801.py ...            [ 98%]
tests/test_tournament_register.py .                                      [ 98%]
tests/test_tournament_slate.py ...............                           [ 98%]
tests/test_tournament_slate_authority_pairing.py .                       [ 98%]
tests/test_tournament_slate_authority_row.py ...                         [ 98%]
tests/test_tournament_slate_blend_3729.py ..                             [ 98%]
tests/test_tournament_slate_scoreboard_fallback_3304.py ..               [ 98%]
tests/test_tournament_slate_scoreboard_rows_1033.py ....                 [ 98%]
tests/test_twin_drain_punctuation_and_survival_7021_7191.py ....         [ 98%]
tests/test_typeahead_declares_its_shed_stages_1740.py .                  [ 98%]
tests/test_typeahead_leads_with_the_entity_4411.py .                     [ 98%]
tests/test_typeahead_team_word_boundary_7381.py .                        [ 98%]
tests/test_typeahead_the_team_name_leads_4551.py ..                      [ 98%]
tests/test_unbacked_leg_6524.py .                                        [ 98%]
tests/test_unlocated_in_broken_field_7059.py .                           [ 98%]
tests/test_unpriced_leg_cannot_date_the_mark_6256.py ..                  [ 99%]
tests/test_upset_capsule_has_a_decidedness_gate_5047.py .                [ 99%]
tests/test_upset_sentence_states_the_printed_percent_6181.py ........    [ 99%]
tests/test_v1_anchor_carries_season_and_round_d106.py .                  [ 99%]
tests/test_weather_monthly_rain_reaches_the_card_3250.py ............... [ 99%]
...                                                                      [ 99%]
tests/test_weather_no_leg_is_never_the_answer_2563.py .                  [ 99%]
tests/test_weather_percent_contract_6616.py ...                          [ 99%]
tests/test_weather_priceless_market_prints_no_number_1075.py ...         [ 99%]
tests/test_weather_rain_card_names_the_right_day_1078.py ...........     [ 99%]
tests/test_weather_rain_card_reads_nyc_not_the_leader_1076.py .........  [ 99%]
tests/test_why_now_coverage_4066.py .....                                [ 99%]
tests/test_withheld_rows_lose_their_rank_7037.py ..                      [ 99%]
tests/test_worker_code_census_5470.py .                                  [ 99%]
tests/test_zero_priced_rung_is_priced_4679.py .                          [100%]

=============================== warnings summary ===============================
app/routes/auth.py:118
  /Users/bain/bainluck-dev/discover/backend/app/routes/auth.py:118: PydanticDeprecatedSince20: Support for class-based `config` is deprecated, use ConfigDict instead. Deprecated in Pydantic V2.0 to be removed in V3.0. See Pydantic V2 Migration Guide at https://errors.pydantic.dev/2.13/migration/
    class UserProfileResponse(BaseModel):

tests/integration/test_grid_book_refuted_price_6532_pg.py:51
  /Users/bain/bainluck-dev/discover/backend/tests/integration/test_grid_book_refuted_price_6532_pg.py:51: PytestUnknownMarkWarning: Unknown pytest.mark.integration - is this a typo?  You can register custom marks to avoid this warning - for details, see https://docs.pytest.org/en/stable/how-to/mark.html
    pytestmark = [pytest.mark.asyncio, pytest.mark.integration]

tests/test_discover_provenance.py::TestEnumAndAllowlistAgree::test_the_next_revision_adds_play_and_chains_linearly
  /Users/bain/Library/Python/3.12/lib/python/site-packages/alembic/config.py:612: DeprecationWarning: No path_separator found in configuration; falling back to legacy splitting on spaces, commas, and colons for prepend_sys_path.  Consider adding path_separator=os to Alembic config.
    util.warn_deprecated(

-- Docs: https://docs.pytest.org/en/stable/how-to/capture-warnings.html
= 6354 passed, 65 skipped, 52769 deselected, 1 xfailed, 3 warnings in 307.06s (0:05:07) =
