============================= test session starts ==============================
platform darwin -- Python 3.12.14+meta, pytest-9.0.3, pluggy-1.6.0
rootdir: /Users/bain/bainluck-dev/discover/backend
configfile: pytest.ini
plugins: asyncio-1.4.0, anyio-4.13.0
asyncio: mode=Mode.AUTO, debug=False, asyncio_default_fixture_loop_scope=None, asyncio_default_test_loop_scope=function
collected 55572 items

tests/evals/test_absence_semantics_contract.py .....                     [  0%]
tests/evals/test_account_boundary_contract.py .........                  [  0%]
tests/evals/test_additional_markets_authority_contract.py ....           [  0%]
tests/evals/test_admin_auth_gate_mutations.py ..............             [  0%]
tests/evals/test_admin_destructive_audit_sanitization.py ............... [  0%]
..                                                                       [  0%]
tests/evals/test_admin_destructive_boundary_contract.py ................ [  0%]
....                                                                     [  0%]
tests/evals/test_admin_health_closure_contract.py .....                  [  0%]
tests/evals/test_admin_health_evidence_contract.py ....                  [  0%]
tests/evals/test_admin_surface_truth_contract.py .....                   [  0%]
tests/evals/test_admin_verdict_parity_contract.py ....                   [  0%]
tests/evals/test_animation_dependency_equivalence_contract.py ....       [  0%]
tests/evals/test_anonymous_cold_sharing_contract.py ......               [  0%]
tests/evals/test_browser_audit_replacement_contract.py .....             [  0%]
tests/evals/test_browser_edge_failure_contract.py ......                 [  0%]
tests/evals/test_browser_filer_privilege_residual_contract.py .....      [  0%]
tests/evals/test_browser_product_jank_contract.py .....                  [  0%]
tests/evals/test_browser_replacement_closure_contract.py .....           [  0%]
tests/evals/test_browser_sweep_filing_contract.py .....                  [  0%]
tests/evals/test_cache_connection_ownership_contract.py .............    [  0%]
tests/evals/test_cache_failure_resilience.py ....................        [  0%]
tests/evals/test_calibration_census_closure_contract.py .....            [  0%]
tests/evals/test_calibration_coverage_bridge_contract.py ............... [  0%]
                                                                         [  0%]
tests/evals/test_calibration_coverage_unit_authority.py .....            [  0%]
tests/evals/test_calibration_exit_exam_bundle_contract.py ....           [  0%]
tests/evals/test_calibration_fingerprint_derived_map.py ..........       [  0%]
tests/evals/test_calibration_independence_disclosure_contract.py ....    [  0%]
tests/evals/test_calibration_leakage_census.py ........                  [  0%]
tests/evals/test_calibration_main_phase_budget_contract.py ............. [  0%]
...                                                                      [  0%]
tests/evals/test_calibration_metric_robustness.py .......                [  0%]
tests/evals/test_calibration_orphan_containment_contract.py ............ [  0%]
                                                                         [  0%]
tests/evals/test_calibration_policy_census.py .........                  [  0%]
tests/evals/test_calibration_population_integrity.py .......             [  0%]
tests/evals/test_calibration_publish_gate_contract.py ...........        [  0%]
tests/evals/test_calibration_rendered_parity_contract.py ...             [  0%]
tests/evals/test_calibration_repair_retention_contract.py .......        [  0%]
tests/evals/test_calibration_subcohort_diagnosis_contract.py ....        [  0%]
tests/evals/test_calibration_surface_population_authority.py ....        [  0%]
tests/evals/test_calibration_task_resumability_contract.py ............  [  0%]
tests/evals/test_calibration_version_rollover_contract.py .............. [  0%]
..                                                                       [  0%]
tests/evals/test_calibration_watchdog_evidence_contract.py ....          [  0%]
tests/evals/test_chunked_coverage_recomposition_contract.py ....         [  0%]
tests/evals/test_closure_boundary_contract.py .............              [  0%]
tests/evals/test_codeql_workflow_truth_contract.py ...                   [  0%]
tests/evals/test_cohort_ece_parity.py ....                               [  0%]
tests/evals/test_cohort_sweep.py ...............                         [  0%]
tests/evals/test_cohort_verdict_ordering.py ....                         [  0%]
tests/evals/test_cold_feed_equivalence.py .........                      [  0%]
tests/evals/test_cold_feed_generation_contract.py ......                 [  0%]
tests/evals/test_cold_feed_latency_authority.py .........                [  0%]
tests/evals/test_collapsed_family_mount_contract.py .......              [  0%]
tests/evals/test_concept_terminal_residual_contract.py ....              [  0%]
tests/evals/test_concurrency_lifecycle_contract.py ............          [  0%]
tests/evals/test_continuous_integrator_distribution_contract.py ...      [  0%]
tests/evals/test_corpus_moved_fingerprint.py .............               [  0%]
tests/evals/test_curated_pick_auto_apply_contract.py .....               [  0%]
tests/evals/test_curator_generation_replacement_contract.py .....        [  0%]
tests/evals/test_curator_market_match_contract.py .....                  [  0%]
tests/evals/test_curator_recall_closure_contract.py .....                [  0%]
tests/evals/test_cursor_durability_contract.py ....                      [  0%]
tests/evals/test_data_quality_alert_episode_contract.py ...              [  0%]
tests/evals/test_deadline_parser_boundary_contract.py .....              [  0%]
tests/evals/test_debug_serving_drift_contract.py .....                   [  0%]
tests/evals/test_degraded_cache_privacy_contract.py .........            [  0%]
tests/evals/test_discover_cardinality_containment_contract.py ......     [  0%]
tests/evals/test_discover_events_resilience.py ....                      [  0%]
tests/evals/test_discover_lead_order_contract.py ..............          [  0%]
tests/evals/test_discover_staleness_authority.py ...........             [  0%]
tests/evals/test_durable_state_survival_contract.py .................... [  0%]
                                                                         [  0%]
tests/evals/test_espn_live_capture_continuity_contract.py .....          [  0%]
tests/evals/test_eval_bite_rate_audit.py ...                             [  0%]
tests/evals/test_eval_harnesses.py ....                                  [  0%]
tests/evals/test_eval_import_portability_contract.py ...                 [  0%]
tests/evals/test_eval_registry_contract.py ....                          [  0%]
tests/evals/test_eval_scaffold_generation_contract.py ....               [  0%]
tests/evals/test_event_cache_repair_closure_contract.py ....             [  1%]
tests/evals/test_event_negative_cache_precedence_contract.py ....        [  1%]
tests/evals/test_evidence_age_contract.py ....                           [  1%]
tests/evals/test_expected_event_inventory.py .................           [  1%]
tests/evals/test_feed_card_trust_contract.py .....                       [  1%]
tests/evals/test_feed_cardinality_contract.py ........                   [  1%]
tests/evals/test_feed_prewarm_decay_contract.py .....                    [  1%]
tests/evals/test_feed_trust_contract.py .........                        [  1%]
tests/evals/test_first_card_client_contract.py ........                  [  1%]
tests/evals/test_first_content_latency_attribution_contract.py ....      [  1%]
tests/evals/test_freshness_probability_authority.py .........            [  1%]
tests/evals/test_futures_population_subdivision_contract.py ............ [  1%]
                                                                         [  1%]
tests/evals/test_game_moments_persistence.py ..........                  [  1%]
tests/evals/test_golf_event_membership_contract.py ....                  [  1%]
tests/evals/test_grid_freshness_truth.py .........                       [  1%]
tests/evals/test_grid_register_contract.py .........                     [  1%]
tests/evals/test_int022_ux_residual_contract.py .....                    [  1%]
tests/evals/test_int023_curator_residual_contract.py .....               [  1%]
tests/evals/test_integration_finding_disposition_contract.py ...         [  1%]
tests/evals/test_interestingness_temporal_holdout_contract.py ....       [  1%]
tests/evals/test_kid_taste.py ....                                       [  1%]
tests/evals/test_label_pass_lifecycle_contract.py .....                  [  1%]
tests/evals/test_live_curator_recall_contract.py .....                   [  1%]
tests/evals/test_live_probability_freshness_contract.py ....             [  1%]
tests/evals/test_manus_pipeline_contract.py ....                         [  1%]
tests/evals/test_manus_retirement_contract.py .....                      [  1%]
tests/evals/test_matched_calibration_evidence_contract.py ....           [  1%]
tests/evals/test_measurement_surface_truth_contract.py ....              [  1%]
tests/evals/test_morning_digest_discover_parity_contract.py ...          [  1%]
tests/evals/test_my_stuff_first_card.py ...........                      [  1%]
tests/evals/test_named_event_completeness.py .......................     [  1%]
tests/evals/test_native_parity_inventory.py ........                     [  1%]
tests/evals/test_native_surface_authority_contract.py ..                 [  1%]
tests/evals/test_nonexclusive_bundle_contract.py ...........             [  1%]
tests/evals/test_nonfutures_envelope_renderability_contract.py ...       [  1%]
tests/evals/test_observability_blind_spots.py ....                       [  1%]
tests/evals/test_observed_product_quality_contract.py .........          [  1%]
tests/evals/test_odds_snapshot_density_contract.py ....                  [  1%]
tests/evals/test_overtaken_premise_authority_contract.py ......          [  1%]
tests/evals/test_paired_latency_experiment_contract.py .......           [  1%]
tests/evals/test_play_retention_fixtures.py ....                         [  1%]
tests/evals/test_playoff_grid_native_parity_contract.py ....             [  1%]
tests/evals/test_politics_cache_tier_contract.py ....                    [  1%]
tests/evals/test_polymarket_discovery_ledger.py ........................ [  1%]
....                                                                     [  1%]
tests/evals/test_polymarket_recovery_ledger.py ......................... [  1%]
........                                                                 [  1%]
tests/evals/test_precommence_live_authority.py .......                   [  1%]
tests/evals/test_principal_bound_client_state_contract.py ..             [  1%]
tests/evals/test_probe_registry.py ............................          [  1%]
tests/evals/test_product_measurement_claim_gate.py .......               [  1%]
tests/evals/test_program_integration_contract.py ........                [  1%]
tests/evals/test_prop_divergence_grouping_contract.py ....               [  1%]
tests/evals/test_provider_task_propagation_contract.py ....              [  1%]
tests/evals/test_python_import_guard_contract.py ...                     [  1%]
tests/evals/test_query_plan_rail_authority_contract.py ....              [  1%]
tests/evals/test_range_card_distribution_truth_contract.py ....          [  1%]
tests/evals/test_recent_program_merge_contract.py .....                  [  1%]
tests/evals/test_rendered_lifecycle_coverage_contract.py ....            [  1%]
tests/evals/test_review_verify_audit.py ..                               [  1%]
tests/evals/test_review_verify_closure_authority.py ..........           [  1%]
tests/evals/test_ruling_authority_contract.py ...                        [  1%]
tests/evals/test_scoreboard_contamination_contract.py ......             [  1%]
tests/evals/test_search_bucket_stability.py ..................           [  1%]
tests/evals/test_search_concept_containment_contract.py .............    [  1%]
tests/evals/test_search_degraded_response_contract.py .....              [  1%]
tests/evals/test_search_dropdown_cross_surface_contract.py ....          [  1%]
tests/evals/test_search_enrichment_failure_contract.py ....              [  1%]
tests/evals/test_search_entity_eval.py ................                  [  1%]
tests/evals/test_search_gate_integrity.py ................               [  1%]
tests/evals/test_search_gold_registry.py ...................             [  1%]
tests/evals/test_search_latency_budget_contract.py ...............       [  1%]
tests/evals/test_search_missing_answer_contract.py ......                [  1%]
tests/evals/test_search_observability_truth_contract.py .....            [  2%]
tests/evals/test_search_plan_rail_contract.py .......                    [  2%]
tests/evals/test_search_recovery_state_contract.py .....                 [  2%]
tests/evals/test_search_response_truth_contract.py ...............       [  2%]
tests/evals/test_search_truth_closure_contract.py .....                  [  2%]
tests/evals/test_semantic_matching.py .............................      [  2%]
tests/evals/test_settled_event_result_authority.py ............          [  2%]
tests/evals/test_settled_prop_grade_authority_contract.py ....           [  2%]
tests/evals/test_settled_score_repair_contract.py ....                   [  2%]
tests/evals/test_settlement_authority_ladder_contract.py ...             [  2%]
tests/evals/test_shape_semantics_v2.py .......                           [  2%]
tests/evals/test_soccer_classifier_contract.py .....                     [  2%]
tests/evals/test_social_ground_truth_replacement_contract.py .....       [  2%]
tests/evals/test_staged_calibration_convergence_contract.py ....         [  2%]
tests/evals/test_statistical_claim_authority.py .....                    [  2%]
tests/evals/test_task_health_truth_contract.py ...........               [  2%]
tests/evals/test_taxonomy_defect_contract.py ....                        [  2%]
tests/evals/test_tournament_browser_evidence_contract.py .....           [  2%]
tests/evals/test_tournament_ux_closure_contract.py .....                 [  2%]
tests/evals/test_trading_activity_authority_contract.py ....             [  2%]
tests/evals/test_typed_provider_fetch_contract.py ....                   [  2%]
tests/evals/test_ux_stack_honesty_residual_contract.py ..                [  2%]
tests/evals/test_watchdog_ledger_evidence_contract.py ....               [  2%]
tests/evals/test_wikipedia_fanout_residual_contract.py ....              [  2%]
tests/test_a_badge_never_names_a_rung_the_card_does_not_show_6903.py ... [  2%]
.....                                                                    [  2%]
tests/test_a_card_never_answers_with_its_own_title_or_number_4056.py ... [  2%]
.....................                                                    [  2%]
tests/test_a_card_resolving_today_says_so_4842.py ...................... [  2%]
..................................                                       [  2%]
tests/test_a_closed_book_cannot_price_a_live_game_6815.py .............. [  2%]
...............                                                          [  2%]
tests/test_a_coalition_card_stops_running_as_a_race_7844.py ............ [  2%]
.............                                                            [  2%]
tests/test_a_completed_event_s_bigger_picture_is_not_pinned_6883.py .... [  2%]
..........................                                               [  2%]
tests/test_a_date_is_not_a_period_5390.py .............................. [  2%]
...........................                                              [  2%]
tests/test_a_dead_ladder_stops_pricing_dates_that_have_passed_7784.py .. [  2%]
........................................................................ [  2%]
..................                                                       [  2%]
tests/test_a_delta_writer_pairs_its_own_observation_4079.py ..........   [  2%]
tests/test_a_derived_start_is_not_a_start_q076.py .....................  [  2%]
tests/test_a_discover_ladder_reads_a_minus_as_a_sign_7778.py ........... [  2%]
.....................                                                    [  2%]
tests/test_a_doubles_surname_with_an_initial_joins_4095.py ............. [  2%]
.................                                                        [  3%]
tests/test_a_draw_crowned_as_a_team_is_repaired_reversibly_6590.py ..... [  3%]
............................................                             [  3%]
tests/test_a_draw_leg_is_never_graded_as_a_team_6590.py ................ [  3%]
..............                                                           [  3%]
tests/test_a_failed_read_never_becomes_a_confident_page_5728.py ........ [  3%]
..........                                                               [  3%]
tests/test_a_finished_game_crowns_one_side_6627.py ..................... [  3%]
..................                                                       [  3%]
tests/test_a_finished_tennis_match_cannot_have_ended_nil_nil_2772.py ... [  3%]
........................................................................ [  3%]
.........................................................                [  3%]
tests/test_a_finished_upset_is_captioned_without_a_price_event_6477.py . [  3%]
.............................                                            [  3%]
tests/test_a_fought_fight_is_not_upcoming_6568.py ...................... [  3%]
....                                                                     [  3%]
tests/test_a_fought_fight_is_not_upcoming_on_the_list_rails_6568.py .... [  3%]
..........                                                               [  3%]
tests/test_a_fresh_settlement_does_not_get_the_cache_hour_3343.py ...... [  3%]
.....................                                                    [  3%]
tests/test_a_game_market_row_carries_its_own_price_age_4970.py ......... [  3%]
..............                                                           [  3%]
tests/test_a_half_market_is_never_graded_from_the_full_time_score_6619.py . [  3%]
.............................                                            [  3%]
tests/test_a_hollow_live_card_does_not_lead_the_rail_3946.py ........... [  3%]
....................................................................     [  3%]
tests/test_a_level_final_claims_no_winner_6204.py ..................     [  3%]
tests/test_a_market_born_ghost_is_off_the_league_rails_6345.py ......... [  3%]
..                                                                       [  3%]
tests/test_a_market_born_ghost_is_off_the_list_rails_6231.py .........   [  3%]
tests/test_a_market_born_refinement_is_still_market_born_6262.py ....... [  3%]
...                                                                      [  4%]
tests/test_a_market_settled_before_kickoff_names_no_winner_6595.py ..... [  4%]
.....................                                                    [  4%]
tests/test_a_market_with_no_outcomes_is_not_a_section_row_3964.py ...... [  4%]
...                                                                      [  4%]
tests/test_a_marquee_final_reaches_page_one_5100.py .................... [  4%]
                                                                         [  4%]
tests/test_a_marquee_final_reaches_page_one_wiring_5100.py ............. [  4%]
                                                                         [  4%]
tests/test_a_moving_price_is_not_hours_old_6051.py ..................    [  4%]
tests/test_a_parser_blind_reason_names_its_blocker_4200.py ............. [  4%]
......                                                                   [  4%]
tests/test_a_partial_polymarket_ladder_is_not_an_exhaustive_partition_3721.py . [  4%]
...............                                                          [  4%]
tests/test_a_politics_ladder_stops_headlining_a_passed_deadline_3758.py . [  4%]
.........................                                                [  4%]
tests/test_a_rate_ladder_puts_a_cut_and_a_hike_on_opposite_sides_4364.py . [  4%]
....................                                                     [  4%]
tests/test_a_refusal_reason_soccer_cannot_reach_2245.py ................ [  4%]
                                                                         [  4%]
tests/test_a_refusal_reason_tennis_cannot_reach_3193.py ................ [  4%]
...                                                                      [  4%]
tests/test_a_release_does_not_pin_its_own_pre_ship_payload_6355.py ..... [  4%]
................                                                         [  4%]
tests/test_a_result_less_fixture_does_not_lead_the_search_4876.py ...... [  4%]
..................................................                       [  4%]
tests/test_a_result_less_row_is_never_final_3780.py .................... [  4%]
..................................                                       [  4%]
tests/test_a_retired_row_is_off_every_user_facing_read.py .............. [  4%]
.......................                                                  [  4%]
tests/test_a_retired_rows_start_moving_into_the_future_revives_it_7260.py . [  4%]
.......................................................................  [  4%]
tests/test_a_revived_row_a_reader_can_see_twice_is_taken_back_7594.py .. [  4%]
.........................................                                [  4%]
tests/test_a_rival_club_does_not_answer_for_a_half_overlap_name_7157.py . [  4%]
............................                                             [  4%]
tests/test_a_runs_map_is_not_four_players_props_3594.py ................ [  4%]
.............................                                            [  5%]
tests/test_a_scheduled_card_does_not_outlive_its_own_kickoff_4582.py ... [  5%]
..............................                                           [  5%]
tests/test_a_scoring_race_is_not_a_player_5133.py ...................... [  5%]
.....                                                                    [  5%]
tests/test_a_served_movement_number_is_dated_4079.py ................... [  5%]
..............                                                           [  5%]
tests/test_a_settled_book_from_another_fixture_5481.py ................. [  5%]
................                                                         [  5%]
tests/test_a_settled_final_survives_the_writer_7147_e2e.py ............. [  5%]
.                                                                        [  5%]
tests/test_a_settled_ladder_keeps_its_losing_rungs_6196.py ............. [  5%]
                                                                         [  5%]
tests/test_a_settled_ladder_rung_serves_its_verdict_6169.py ............ [  5%]
........                                                                 [  5%]
tests/test_a_settled_leg_takes_no_live_price_5411.py ................... [  5%]
....                                                                     [  5%]
tests/test_a_settled_margin_market_is_graded_from_the_final_score_6312.py . [  5%]
........................                                                 [  5%]
tests/test_a_settled_market_does_not_draw_an_unstarted_chart_5890.py ... [  5%]
...............                                                          [  5%]
tests/test_a_settled_market_never_prices_an_unstarted_game_5771.py ..... [  5%]
.....                                                                    [  5%]
tests/test_a_settled_market_with_no_verdict_prints_no_price_6025.py .... [  5%]
..................                                                       [  5%]
tests/test_a_settled_period_ladder_keeps_its_winning_rung_6205.py ...... [  5%]
..                                                                       [  5%]
tests/test_a_settled_swapped_row_is_repaired_only_when_the_slot_copy_is_proven_7354.py . [  5%]
..................................................                       [  5%]
tests/test_a_settled_totals_rung_grades_on_its_own_axis_6239.py ........ [  5%]
...                                                                      [  5%]
tests/test_a_shadow_soccer_anchor_does_not_buy_a_live_badge_4075.py .... [  5%]
.....................                                                    [  5%]
tests/test_a_soccer_win_probability_leaves_room_for_the_draw_1011.py ... [  5%]
.......................                                                  [  5%]
tests/test_a_stale_lifetime_move_is_context_not_the_lead_6482.py ....... [  5%]
.......                                                                  [  5%]
tests/test_a_stale_lifetime_move_is_context_on_a_board_too_6497.py ..... [  5%]
....................                                                     [  5%]
tests/test_a_team_row_does_not_stay_sealed_around_another_clubs_espn_id_7419.py . [  5%]
......................                                                   [  5%]
tests/test_a_three_way_game_stops_handing_the_draw_to_the_away_side_6277.py . [  5%]
...............................................................          [  5%]
tests/test_a_today_claim_rests_on_dated_evidence_4079.py ............... [  5%]
............                                                             [  5%]
tests/test_a_topic_year_key_cannot_claim_a_second_venue_6517.py ........ [  6%]
...................                                                      [  6%]
tests/test_a_twin_stops_blocking_its_own_stamp_4520.py ................  [  6%]
tests/test_a_value_ios_cannot_decode_never_reaches_the_wire_4120.py .... [  6%]
.........                                                                [  6%]
tests/test_a_venue_id_is_not_a_kalshi_ticker_3198.py .........           [  6%]
tests/test_a_zero_point_move_is_not_a_why_now_6952.py .................. [  6%]
.                                                                        [  6%]
tests/test_a_zero_zero_final_is_repaired_only_by_the_authority_5841.py . [  6%]
...........................................                              [  6%]
tests/test_account_deletion_678.py ................                      [  6%]
tests/test_accuracy_page_no_content_copy_7765.py ......                  [  6%]
tests/test_acronym_team_match_q457.py .................................. [  6%]
...................................................................      [  6%]
tests/test_admin_account_auth_5952.py .........................          [  6%]
tests/test_admin_auth_call_shape.py ....                                 [  6%]
tests/test_admin_cockpit_waiting.py ......                               [  6%]
tests/test_admin_cohort_sampling.py ......                               [  6%]
tests/test_admin_destructive_token.py .................................. [  6%]
..........                                                               [  6%]
tests/test_admin_discover_label_eval_runs.py ....                        [  6%]
tests/test_admin_engagement_bug_reports.py .........                     [  6%]
tests/test_admin_file_issue.py ......                                    [  6%]
tests/test_admin_grid_register_proposal.py .......                       [  6%]
tests/test_admin_judgments.py .......................................... [  6%]
...                                                                      [  6%]
tests/test_admin_judgments_drift_gate.py .............                   [  6%]
tests/test_admin_label_pass_drift.py ..................                  [  6%]
tests/test_admin_label_pass_lifecycle.py ...............                 [  6%]
tests/test_admin_matching_link_rate.py ........................          [  6%]
tests/test_admin_matching_tier1_gaps.py ...                              [  6%]
tests/test_admin_pairwise.py .                                           [  6%]
tests/test_admin_projection_matches_the_runtime_on_an_unreadable_monitor_4531.py . [  6%]
.........                                                                [  6%]
tests/test_admin_query_rail_retired.py ....                              [  6%]
tests/test_admin_safe_send_task.py ..........                            [  6%]
tests/test_admin_state_rails.py ....................                     [  6%]
tests/test_admin_task_metrics_1008.py ...........                        [  6%]
tests/test_admin_team_clusters.py .................                      [  6%]
tests/test_admin_utils.py .........                                      [  7%]
tests/test_admin_warm_rail_read_path.py ...................              [  7%]
tests/test_agent_origin_outbound_tag.py ................................ [  7%]
.....................................                                    [  7%]
tests/test_aggregation.py .................................              [  7%]
tests/test_al_nl_award_merge_groups_4414.py ............................ [  7%]
........................                                                 [  7%]
tests/test_alembic.py ...                                                [  7%]
tests/test_ampersand_team_match_q458.py ................................ [  7%]
........................................                                 [  7%]
tests/test_an_invented_kickoff_is_not_a_late_match_6346.py ............. [  7%]
..                                                                       [  7%]
tests/test_an_unpriced_card_is_not_admitted_3980.py ..............       [  7%]
tests/test_an_unread_phase_ledger_is_not_an_empty_one_6599.py .......... [  7%]
....................                                                     [  7%]
tests/test_anchor_channel_consumer_2213.py ............................. [  7%]
......                                                                   [  7%]
tests/test_anchor_claim_folds_to_the_statpal_id_space_4393.py .......... [  7%]
.................                                                        [  7%]
tests/test_anchor_schedule.py ...................                        [  7%]
tests/test_anchor_schedule_sentinel.py ................................  [  7%]
tests/test_anchor_schedule_undo_d51.py ................................. [  7%]
..............                                                           [  7%]
tests/test_apple_auth.py ................                                [  7%]
tests/test_ask_only_exclusive_field_6846.py ............................ [  7%]
........................................                                 [  7%]
tests/test_assert_migrations_applied.py ...............                  [  8%]
tests/test_athletics_route_specimen_3981.py ......                       [  8%]
tests/test_athletics_rung_alias_3981.py .....................            [  8%]
tests/test_audit_authority_name_forms_exit.py .......                    [  8%]
tests/test_audit_event_matching_parser.py ...                            [  8%]
tests/test_audit_gold_set.py .....                                       [  8%]
tests/test_audit_resolution_engine_md.py ....                            [  8%]
tests/test_audit_search_fts_readiness.py .....                           [  8%]
tests/test_aussierules_covered_league_6377.py ...................        [  8%]
tests/test_auth_google_audience_282.py .........................         [  8%]
tests/test_auth_security_252.py ...                                      [  8%]
tests/test_auth_security_255.py ....                                     [  8%]
tests/test_authority_agreement.py ...................................... [  8%]
.........................                                                [  8%]
tests/test_authority_agreement_endpoint.py ...................           [  8%]
tests/test_authority_agreement_retired_rows_3226.py .................... [  8%]
..                                                                       [  8%]
tests/test_authority_demotes_the_live_latch_5324.py .................... [  8%]
..................................                                       [  8%]
tests/test_authority_failover_3473.py .................................. [  8%]
..............................................                           [  8%]
tests/test_authority_flip_switch.py .................................... [  8%]
.                                                                        [  8%]
tests/test_authority_governing_number.py ...........                     [  8%]
tests/test_authority_id_collisions_2693.py ............................. [  8%]
.......                                                                  [  8%]
tests/test_authority_id_collisions_undo_d51.py ......................... [  8%]
......................                                                   [  8%]
tests/test_authority_in_span_agreement_3519.py ..........                [  8%]
tests/test_authority_in_span_composition_3616.py ......................  [  8%]
tests/test_authority_name_forms.py ..................................... [  8%]
....                                                                     [  9%]
tests/test_authority_specimens_4564.py ..............                    [  9%]
tests/test_authority_straggler_board_day_4652.py .............           [  9%]
tests/test_authority_streak.py ..................................        [  9%]
tests/test_authority_summary_counts_no_numbers_3519.py ........          [  9%]
tests/test_authority_summary_names_no_sport_5139.py .....                [  9%]
tests/test_authority_switch_is_wired_3442.py .............               [  9%]
tests/test_authority_synonyms_2823.py ........................           [  9%]
tests/test_authority_tennis_agreement.py ............................... [  9%]
................................................                         [  9%]
tests/test_authority_tennis_names.py ................................... [  9%]
................                                                         [  9%]
tests/test_backend_scratch_json_is_ignored.py ....                       [  9%]
tests/test_backfill_defect_routes.py .................                   [  9%]
tests/test_backfill_guard_prices_the_phase_it_admits_4740.py ........... [  9%]
...........                                                              [  9%]
tests/test_backfill_image_dimensions.py .......................          [  9%]
tests/test_backfill_kalshi_settled_only_series_route_6012.py ........... [  9%]
....                                                                     [  9%]
tests/test_backfill_kalshi_settled_only_series_selection_227.py ........ [  9%]
....                                                                     [  9%]
tests/test_backfill_partial_result_carries_phase_stats_4658.py ......... [  9%]
..........................                                               [  9%]
tests/test_backfill_progress_census_bounds_4444.py ....................  [  9%]
tests/test_backfill_progress_chart_density.py ..............             [  9%]
tests/test_backfill_status_denominator.py ........                       [  9%]
tests/test_backfill_winners.py ......................................... [  9%]
........................................................................ [  9%]
.....................................................................    [ 10%]
tests/test_backfill_winners_poly_api_deadline.py ............            [ 10%]
tests/test_backfill_winners_team_total_order.py ........................ [ 10%]
..                                                                       [ 10%]
tests/test_backfill_wps_admission_gate_5273.py ......                    [ 10%]
tests/test_beat_single_instance_5428.py ...............................  [ 10%]
tests/test_betting_consensus_book_count_1841.py ................         [ 10%]
tests/test_bigger_picture_drops_the_fixtures_own_result_4646.py ........ [ 10%]
.                                                                        [ 10%]
tests/test_binary_spread.py ..........................                   [ 10%]
tests/test_binary_spread_no_crossover_3965.py ........                   [ 10%]
tests/test_blank_event_cards_4794.py .............                       [ 10%]
tests/test_blend_fold_3810.py .........................                  [ 10%]
tests/test_blend_fold_chart_pin_parity_3911.py ..............            [ 10%]
tests/test_blend_jag_tapes_5425.py .......                               [ 10%]
tests/test_blend_reaches_scoreboard_rows_3903.py ..........              [ 10%]
tests/test_blend_source_writer_scan_5311.py ............................ [ 10%]
                                                                         [ 10%]
tests/test_blend_surface_parity.py .............................         [ 10%]
tests/test_board_drift_sentinel.py ..................................... [ 10%]
.....                                                                    [ 10%]
tests/test_board_sentinel.py ........................................... [ 10%]
.................                                                        [ 10%]
tests/test_bookmaker_calibration_silence.py ............................ [ 10%]
.....                                                                    [ 10%]
tests/test_bookmaker_curve_watchdog_1835.py ...............              [ 10%]
tests/test_books_rung_keeps_the_away_price_on_a_draw_priced_sport_7514.py . [ 10%]
.......                                                                  [ 10%]
tests/test_boring_rate_across_days.py ...................                [ 10%]
tests/test_boxscore_resolver_memory.py .....                             [ 10%]
tests/test_bracket_is_not_a_game_2993.py ............................... [ 10%]
..............................                                           [ 10%]
tests/test_bug_notifications.py ............                             [ 10%]
tests/test_bug_report_github.py ........................................ [ 11%]
........                                                                 [ 11%]
tests/test_build_social_post_manifest.py ......                          [ 11%]
tests/test_bundle_row_caption_stops_repeating_its_title_5329.py ........ [ 11%]
....                                                                     [ 11%]
tests/test_cal_p087_measurement_anchors.py ........                      [ 11%]
tests/test_cal_p088_min_n_floor.py ............                          [ 11%]
tests/test_cal_p089_twin_published_read.py .......................       [ 11%]
tests/test_calibrate_interestingness.py ...                              [ 11%]
tests/test_calibration_137.py ............                               [ 11%]
tests/test_calibration_a_withdrawal_is_not_an_erasure_6599.py .......... [ 11%]
....................                                                     [ 11%]
tests/test_calibration_availability_envelope_324.py .................... [ 11%]
.............                                                            [ 11%]
tests/test_calibration_bank_drop_capture_3454.py ....................... [ 11%]
.................                                                        [ 11%]
tests/test_calibration_banked_after_checkpoint_3803.py .........         [ 11%]
tests/test_calibration_baseline_telemetry_p048.py .......                [ 11%]
tests/test_calibration_beat_gauge_sampler_p084.py ...................... [ 11%]
.......................                                                  [ 11%]
tests/test_calibration_beat_ring_counts_banked_not_attempted_3803.py ... [ 11%]
.......                                                                  [ 11%]
tests/test_calibration_bookmaker_cell_fold_p120.py ..................... [ 11%]
                                                                         [ 11%]
tests/test_calibration_bookmaker_reader_refusal_d21.py ................. [ 11%]
............................................................             [ 11%]
tests/test_calibration_bookmaker_sigma_998.py ...................        [ 11%]
tests/test_calibration_bookmaker_sigma_grain_1002.py .......             [ 11%]
tests/test_calibration_bump_declaration_982.py ......................... [ 11%]
...............                                                          [ 11%]
tests/test_calibration_cancel_cause_993.py ............                  [ 11%]
tests/test_calibration_canonical_pg.py ss                                [ 11%]
tests/test_calibration_carried_futures_defers_the_rebuild_4275.py ...... [ 11%]
..                                                                       [ 11%]
tests/test_calibration_carried_level_p1027.py .............              [ 11%]
tests/test_calibration_cell_exact_p1077_dims.py ................         [ 11%]
tests/test_calibration_cell_exact_p1078_golffill.py .................... [ 11%]
.......................................                                  [ 12%]
tests/test_calibration_cell_exact_p114.py ..............                 [ 12%]
tests/test_calibration_cell_exact_p117.py .....................          [ 12%]
tests/test_calibration_cell_exact_p118.py .........................      [ 12%]
tests/test_calibration_cell_exact_p127.py .............                  [ 12%]
tests/test_calibration_cell_exact_p127_golfround.py ...................  [ 12%]
tests/test_calibration_cell_exact_p130_slotratio.py .................... [ 12%]
......                                                                   [ 12%]
tests/test_calibration_cell_exact_p131_bandratio.py .................... [ 12%]
..........................................                               [ 12%]
tests/test_calibration_cell_exact_p132_twin.py ......................... [ 12%]
..                                                                       [ 12%]
tests/test_calibration_cell_exact_transport_retry.py .............       [ 12%]
tests/test_calibration_census_supplier_words.py .....                    [ 12%]
tests/test_calibration_closing_line_q436.py ............................ [ 12%]
...........                                                              [ 12%]
tests/test_calibration_cluster_sigma_p121.py ........................... [ 12%]
......................                                                   [ 12%]
tests/test_calibration_cluster_spread_p124.py .......................... [ 12%]
.....                                                                    [ 12%]
tests/test_calibration_completion_path_p035.py .....                     [ 12%]
tests/test_calibration_convergence_ledger_p028.py ...................    [ 12%]
tests/test_calibration_convergence_p024.py ............................. [ 12%]
.                                                                        [ 12%]
tests/test_calibration_coverage_census_300c.py ........................  [ 12%]
tests/test_calibration_coverage_census_chunked_p020.py ................. [ 12%]
............                                                             [ 12%]
tests/test_calibration_coverage_consumer_p1216.py ...................... [ 12%]
...............                                                          [ 12%]
tests/test_calibration_crypto_cell_exclusion_d12.py ..................   [ 12%]
tests/test_calibration_cursor_decision_capture_1002.py ..............    [ 12%]
tests/test_calibration_cursor_wipe_names_its_operand_p1032.py .......... [ 12%]
.............................                                            [ 13%]
tests/test_calibration_durable_298.py ...........                        [ 13%]
tests/test_calibration_durable_baseline_p042.py ...............          [ 13%]
tests/test_calibration_ece_canonical.py ..................               [ 13%]
tests/test_calibration_elastic_budget_p109.py ................           [ 13%]
tests/test_calibration_empty_served_bank_is_its_own_state_5043.py ...... [ 13%]
                                                                         [ 13%]
tests/test_calibration_esports_multi_bundle.py ............              [ 13%]
tests/test_calibration_examples_canonical_262.py ....s                   [ 13%]
tests/test_calibration_fair_fight_containment_262.py ....                [ 13%]
tests/test_calibration_fair_fight_containment_263.py .............       [ 13%]
tests/test_calibration_family_fold_p123.py ............................. [ 13%]
.                                                                        [ 13%]
tests/test_calibration_feasibility_075.py .......................        [ 13%]
tests/test_calibration_field_completeness_257.py ...............         [ 13%]
tests/test_calibration_field_completeness_259.py .........               [ 13%]
tests/test_calibration_fingerprint_coverage.py ..............            [ 13%]
tests/test_calibration_freeze_score_p111.py .......................      [ 13%]
tests/test_calibration_futures_carry_p081.py ..........                  [ 13%]
tests/test_calibration_gate_disclosed_exclusion_1054.py ................ [ 13%]
...                                                                      [ 13%]
tests/test_calibration_graded_share_census.py ..................         [ 13%]
tests/test_calibration_horizon_honest_263.py ........sss                 [ 13%]
tests/test_calibration_horizon_population_262.py .........ss             [ 13%]
tests/test_calibration_hourly_job.py ................................... [ 13%]
...................                                                      [ 13%]
tests/test_calibration_incremental_equals_fresh_6599.py .........        [ 13%]
tests/test_calibration_kalshi_prop_threshold.py .................        [ 13%]
tests/test_calibration_level_refuted_by_cancellation_6275.py ........... [ 13%]
........                                                                 [ 13%]
tests/test_calibration_liquidity_filter.py .................             [ 13%]
tests/test_calibration_lone_claim_wiring_997.py ........                 [ 13%]
tests/test_calibration_lost_losses_12cal.py .................            [ 13%]
tests/test_calibration_malformed_golf_filters.py .............           [ 13%]
tests/test_calibration_memo_artifact_age_4072.py ....................... [ 13%]
.....                                                                    [ 13%]
tests/test_calibration_mex_normalization.py ..............               [ 13%]
tests/test_calibration_min_sample_gate.py ...........                    [ 13%]
tests/test_calibration_missing_loser_census_p122.py .................... [ 13%]
.........                                                                [ 13%]
tests/test_calibration_oversized_slot_is_cut_on_its_proof_6599.py ...... [ 13%]
........................................                                 [ 14%]
tests/test_calibration_paired_prestart.py .............................. [ 14%]
............................................................             [ 14%]
tests/test_calibration_part_a2_stuck_head_4688.py .........              [ 14%]
tests/test_calibration_partition_sizing_p1033.py ....................... [ 14%]
....................................................                     [ 14%]
tests/test_calibration_phantom_curve_p126.py ........................... [ 14%]
........                                                                 [ 14%]
tests/test_calibration_phase_ledger.py ................................. [ 14%]
....................................................                     [ 14%]
tests/test_calibration_poly_pair_symmetry_992.py ........                [ 14%]
tests/test_calibration_population_growth_1955.py ....................... [ 14%]
.........                                                                [ 14%]
tests/test_calibration_precompute_publish_272.py ......................  [ 14%]
tests/test_calibration_price_provenance_p077.py ........................ [ 14%]
.................                                                        [ 14%]
tests/test_calibration_price_provenance_p085.py ........................ [ 14%]
...................                                                      [ 14%]
tests/test_calibration_price_provenance_p092.py ........................ [ 14%]
.....                                                                    [ 14%]
tests/test_calibration_producer_stall_1680.py ...............            [ 14%]
tests/test_calibration_provability.py .......................            [ 14%]
tests/test_calibration_public_disclosure_d112.py ....                    [ 14%]
tests/test_calibration_publish_age_watchdog_p017.py ..............       [ 14%]
tests/test_calibration_publish_first_994.py ............................ [ 15%]
......                                                                   [ 15%]
tests/test_calibration_publish_gate_297.py ............................. [ 15%]
..............................                                           [ 15%]
tests/test_calibration_published_twin_p078.py .......................... [ 15%]
                                                                         [ 15%]
tests/test_calibration_published_twin_worker_p080.py ................... [ 15%]
...                                                                      [ 15%]
tests/test_calibration_publishing_beat_disclosure_2727.py .......        [ 15%]
tests/test_calibration_quarantine_disclosed_cells_6275.py ............   [ 15%]
tests/test_calibration_query.py ......                                   [ 15%]
tests/test_calibration_rate_plan_aware_6599_followups.py ............... [ 15%]
.......                                                                  [ 15%]
tests/test_calibration_reachability_census.py .........................  [ 15%]
tests/test_calibration_reachability_tier.py ............................ [ 15%]
                                                                         [ 15%]
tests/test_calibration_rebuild_progress_survives_an_undatable_census_p1039.py . [ 15%]
..........................                                               [ 15%]
tests/test_calibration_rebuild_recovery_reproduction_6599.py ..........  [ 15%]
tests/test_calibration_recompute_255.py ...                              [ 15%]
tests/test_calibration_refinement_capture_6599.py ............           [ 15%]
tests/test_calibration_refusal_advice_p1191.py ..........                [ 15%]
tests/test_calibration_result_authority_299.py ......................... [ 15%]
....................................                                     [ 15%]
tests/test_calibration_rolling_restage_p078.py ......................... [ 15%]
...                                                                      [ 15%]
tests/test_calibration_rule_e_structural_bundle_p162.py ................ [ 15%]
........                                                                 [ 15%]
tests/test_calibration_rule_search_p125.py ..........................    [ 15%]
tests/test_calibration_scorecard_p108.py ..............................  [ 15%]
tests/test_calibration_scoring_998.py ................                   [ 15%]
tests/test_calibration_scoring_policy_d134.py ..............             [ 15%]
tests/test_calibration_sentinel.py ...............................       [ 15%]
tests/test_calibration_sentinel_instrument_p064.py ..................... [ 15%]
...                                                                      [ 15%]
tests/test_calibration_sentinel_prop_threshold.py ..........             [ 16%]
tests/test_calibration_sentinel_published_1911.py ....................   [ 16%]
tests/test_calibration_serve_honest_297.py .....................         [ 16%]
tests/test_calibration_session_tagging_300b.py .................         [ 16%]
tests/test_calibration_sigma_carry_998.py .....................          [ 16%]
tests/test_calibration_sigma_decides_d62_1002.py ....................... [ 16%]
                                                                         [ 16%]
tests/test_calibration_sigma_ledger_completeness_1002d.py .............. [ 16%]
.........                                                                [ 16%]
tests/test_calibration_sigma_ledger_p128.py ............................ [ 16%]
..............                                                           [ 16%]
tests/test_calibration_sigma_ledger_path_p129.py ................        [ 16%]
tests/test_calibration_soccer_2way.py ...........                        [ 16%]
tests/test_calibration_soft_stage_d22.py ........                        [ 16%]
tests/test_calibration_source_vocabulary.py ............................ [ 16%]
                                                                         [ 16%]
tests/test_calibration_spreads_totals.py ...................             [ 16%]
tests/test_calibration_staged_census_contract_p164.py ...............    [ 16%]
tests/test_calibration_staged_convergence_p028.py ...................... [ 16%]
.                                                                        [ 16%]
tests/test_calibration_staged_disclosure_p076.py ....................... [ 16%]
..                                                                       [ 16%]
tests/test_calibration_staged_fold_p034.py .........................     [ 16%]
tests/test_calibration_staged_futures.py ............................... [ 16%]
.............................................................            [ 16%]
tests/test_calibration_staged_futures_sql_300d.py ...................... [ 16%]
........                                                                 [ 16%]
tests/test_calibration_stuck_head_deferral_6599.py ..................... [ 16%]
..                                                                       [ 16%]
tests/test_calibration_sum_arm_only_entertainment_d66.py ............... [ 16%]
..........                                                               [ 16%]
tests/test_calibration_terminal_floor_starvation_p1182.py ...........    [ 16%]
tests/test_calibration_threshold_table_p112.py ......................... [ 16%]
..........                                                               [ 17%]
tests/test_calibration_time_horizon_wip_263.py ..........                [ 17%]
tests/test_calibration_trade_evidence_1530.py .......................... [ 17%]
.....                                                                    [ 17%]
tests/test_calibration_truth_evidence_261.py ....                        [ 17%]
tests/test_calibration_twin_bound_only_p079.py ......                    [ 17%]
tests/test_calibration_twin_last_diagnosis_p083.py ..........            [ 17%]
tests/test_calibration_twin_one_off_p086b.py ................            [ 17%]
tests/test_calibration_twin_scope_p086b.py ...........                   [ 17%]
tests/test_calibration_twin_verdict_path_p084.py ...............         [ 17%]
tests/test_calibration_unit_admission_p081.py .......................... [ 17%]
....                                                                     [ 17%]
tests/test_calibration_unit_cost_capture_4314.py ................        [ 17%]
tests/test_calibration_unit_forces_a_custom_plan_5085.py ........        [ 17%]
tests/test_calibration_unit_projection_divisor_p071.py .......           [ 17%]
tests/test_calibration_unit_scan_redundancy_p039.py ...................  [ 17%]
tests/test_calibration_unit_survivorship_p163.py ....................... [ 17%]
......................                                                   [ 17%]
tests/test_calibration_unit_window_p038.py ...............               [ 17%]
tests/test_calibration_units_coherence.py .........                      [ 17%]
tests/test_calibration_unreadable_checkpoint_is_not_an_empty_one_6599.py . [ 17%]
.....................                                                    [ 17%]
tests/test_calibration_unreadable_cursor_is_not_an_empty_one_6599.py ... [ 17%]
..........                                                               [ 17%]
tests/test_calibration_void_filter.py .......                            [ 17%]
tests/test_calibration_weather_wide_spread.py ...........                [ 17%]
tests/test_calibration_whole_vm_fold_p125.py ........................... [ 17%]
........................................................                 [ 17%]
tests/test_calibration_window_bound_is_not_a_level_refutation_6599.py .. [ 17%]
.......                                                                  [ 17%]
tests/test_calibration_window_slack_p072.py .........................    [ 17%]
tests/test_candidate_base.py ..............                              [ 17%]
tests/test_candidate_base_identity_publication.py ...................... [ 17%]
...........................                                              [ 17%]
tests/test_candidate_probe_covering_2796.py ..........                   [ 17%]
tests/test_capture_census.py ....................                        [ 17%]
tests/test_card_displayed_price_age_5809.py ................             [ 17%]
tests/test_card_integrity.py ........................................... [ 18%]
....                                                                     [ 18%]
tests/test_card_ladder_is_not_squeezed_7641.py ..........                [ 18%]
tests/test_card_names_an_outcome_it_draws_6219.py ...................    [ 18%]
tests/test_card_price_age_fold_5809.py ............................      [ 18%]
tests/test_card_sentence_states_the_printed_percent_4146.py ............ [ 18%]
..................                                                       [ 18%]
tests/test_card_sum_reason_2088.py ...........                           [ 18%]
tests/test_catchall_league_twin_fold_2866.py ...................         [ 18%]
tests/test_catchall_name_variant_twin_fold_2866.py .............         [ 18%]
tests/test_categorize_c1_corpus.py ..................................... [ 18%]
............................................                             [ 18%]
tests/test_celery_inspect_availability.py ..........                     [ 18%]
tests/test_celery_queue_census.py .............                          [ 18%]
tests/test_celery_result_retention.py ..........................         [ 18%]
tests/test_census_coverage_rungs_p1214.py .............................. [ 18%]
..........................................................               [ 18%]
tests/test_census_market_identity.py ................                    [ 18%]
tests/test_census_overlap_trading_p027.py .............................. [ 18%]
.................................................................        [ 18%]
tests/test_census_prop_threshold_cliff_p018.py .................         [ 18%]
tests/test_census_served_window.py .......                               [ 18%]
tests/test_cfl_covered_league_6386.py .........................          [ 18%]
tests/test_championship_field_club_names_6479.py ....................... [ 19%]
.......................................................                  [ 19%]
tests/test_championship_path.py ..............                           [ 19%]
tests/test_championship_path_is_not_dark_1752.py ....................... [ 19%]
..........                                                               [ 19%]
tests/test_chart_backfill_a_lost_lock_writes_nothing.py .............    [ 19%]
tests/test_chart_backfill_failure_is_not_absence.py .................... [ 19%]
...............                                                          [ 19%]
tests/test_chart_backfill_one_writer_per_tier.py ....................... [ 19%]
..                                                                       [ 19%]
tests/test_chart_backfill_reopens_a_contradicted_tier.py ............... [ 19%]
...                                                                      [ 19%]
tests/test_chart_backfill_settles_on_the_post_attempt_count.py ......... [ 19%]
......                                                                   [ 19%]
tests/test_chart_backfill_thirty_day.py ...........................      [ 19%]
tests/test_chart_blend_source_switch_6461.py ...................         [ 19%]
tests/test_chart_convergence.py .........                                [ 19%]
tests/test_chart_lease_is_atomically_fenced.py ..................        [ 19%]
tests/test_chart_routes_drop_duplicate_legs_6641.py .........            [ 19%]
tests/test_chart_venue_leg_identity.py ..........................        [ 19%]
tests/test_ci_cross_tier_manifest.py .......................             [ 19%]
tests/test_ci_deploy_base_7610.py .................                      [ 19%]
tests/test_ci_shard.py .................                                 [ 19%]
tests/test_ci_supersede_concurrency.py ........                          [ 19%]
tests/test_claim_lane_lock.py .......................................... [ 19%]
............                                                             [ 19%]
tests/test_clamp_capture_stamp_5511.py ..................                [ 19%]
tests/test_classification_health.py ..............                       [ 19%]
tests/test_claude_md_size.py ....                                        [ 19%]
tests/test_clause_d_why_now_floor_4080.py ...................            [ 19%]
tests/test_client_deletion_mirror_3836.py .............................. [ 19%]
................                                                         [ 19%]
tests/test_client_timing_contract.py ................................... [ 20%]
........................................................................ [ 20%]
..............................................                           [ 20%]
tests/test_clob_never_graded_cohort.py ..............                    [ 20%]
tests/test_clob_resolve.py ...............................               [ 20%]
tests/test_clock_anchor_applied.py ..............                        [ 20%]
tests/test_clock_anchor_guard.py .............................           [ 20%]
tests/test_clock_sweep_harness_2396.py .............................     [ 20%]
tests/test_club_synonym_pairs_cannot_fuse_6215.py ........s...           [ 20%]
tests/test_cohort_cell_census_eligibility_p093.py ..............         [ 20%]
tests/test_cohort_cell_census_p075.py .................................. [ 20%]
...                                                                      [ 20%]
tests/test_cohort_cell_census_resume_p076.py ....                        [ 20%]
tests/test_cohort_endpoints_bounded_1974.py ......................       [ 20%]
tests/test_cold_path_charter.py ............                             [ 20%]
tests/test_cold_path_rejected_samples.py ...................             [ 20%]
tests/test_college_state_abbreviation_matching.py ...................... [ 20%]
................................                                         [ 20%]
tests/test_combat_card_is_not_a_schedule_4485.py ...........             [ 20%]
tests/test_combat_card_live_span_5603.py ............................... [ 20%]
........                                                                 [ 20%]
tests/test_combat_card_page_refuses_the_fiction_6733.py .......          [ 20%]
tests/test_combat_card_rollover_1712.py ...................              [ 20%]
tests/test_combat_card_sport_label_5603.py ............................. [ 20%]
.......                                                                  [ 20%]
tests/test_combat_card_venue_clock_2602.py ..............                [ 20%]
tests/test_combat_card_venue_identity_2602.py .......................... [ 21%]
............                                                             [ 21%]
tests/test_combat_card_venue_midnight_fold_2602.py .................     [ 21%]
tests/test_combat_main_event_is_one_determination_4555.py ........       [ 21%]
tests/test_combat_pair_display_6816.py ................................. [ 21%]
......................................                                   [ 21%]
tests/test_commence_time_write_rail_2018.py ............                 [ 21%]
tests/test_comparison_specimen.py ......                                 [ 21%]
tests/test_competition_identity.py ....................                  [ 21%]
tests/test_complete_field_survives_team_scoped_door_7107.py ..........   [ 21%]
tests/test_completed_espn_final_is_not_repoisoned_7147.py .............. [ 21%]
..........                                                               [ 21%]
tests/test_compose_band_attribution_5409.py ....................         [ 21%]
tests/test_concept_adapter_negative_floor.py ........................... [ 21%]
.                                                                        [ 21%]
tests/test_concept_affinity_vocabulary_1927.py ................          [ 21%]
tests/test_concept_bout_from_envelope_3058.py ............               [ 21%]
tests/test_concept_bout_price_support_6777.py .......................... [ 21%]
                                                                         [ 21%]
tests/test_concept_cache_compression_7563.py ...........                 [ 21%]
tests/test_concept_card_displayed_price_age_5809.py .................... [ 21%]
........                                                                 [ 21%]
tests/test_concept_card_price_observed_at_5778.py ..................     [ 21%]
tests/test_concept_card_unsupported_price_6777.py ..............         [ 21%]
tests/test_concept_headline_bout_1070.py ................                [ 21%]
tests/test_concept_leader_warm_population.py ...............             [ 21%]
tests/test_concept_links.py ...............................              [ 21%]
tests/test_container_assembly_2927.py .................................. [ 21%]
..........                                                               [ 21%]
tests/test_container_assembly_pass_2927.py ...................           [ 21%]
tests/test_container_class_2927.py ..................................... [ 21%]
.........................                                                [ 22%]
tests/test_container_field_fold_4153.py .....................            [ 22%]
tests/test_container_field_question_fragments_4223.py ........           [ 22%]
tests/test_container_graph_vocabulary.py ............................... [ 22%]
.....................                                                    [ 22%]
tests/test_container_member_leg_agreement_4203.py ..........             [ 22%]
tests/test_container_sweep_rollback_is_durable_6786.py ................. [ 22%]
.............                                                            [ 22%]
tests/test_container_venue_window_2927.py ............................   [ 22%]
tests/test_content_understanding_5273.py ............................... [ 22%]
......................................                                   [ 22%]
tests/test_converge_label_stores.py ..........                           [ 22%]
tests/test_cors_preflight_max_age.py ..                                  [ 22%]
tests/test_counted_artifact_ttl_lat_p261.py ............................ [ 22%]
......                                                                   [ 22%]
tests/test_create_events_from_truth_consumer.py ........................ [ 22%]
..............                                                           [ 22%]
tests/test_create_plan_address_injectivity.py .................          [ 22%]
tests/test_create_plan_sport_id_binding.py ............                  [ 22%]
tests/test_cross_source_matching.py .................................... [ 22%]
..................................                                       [ 22%]
tests/test_cu_frame_grounding.py ....................................... [ 22%]
................................................                         [ 22%]
tests/test_cu_prompt_examples_match_validator.py .............           [ 22%]
tests/test_cu_v2_writer.py .................                             [ 22%]
tests/test_cu_writer_split_brain.py .............                        [ 22%]
tests/test_cumulative_ladder_has_no_favorite_4640.py ................... [ 23%]
..............................                                           [ 23%]
tests/test_cumulative_ladder_unit_word_5777.py ......................... [ 23%]
...............                                                          [ 23%]
tests/test_curated_team_aliases.py ......                                [ 23%]
tests/test_current_odds_serves_the_books_7221.py ....................... [ 23%]
.                                                                        [ 23%]
tests/test_cycling_live_pill_calendar_4449.py .......................... [ 23%]
......                                                                   [ 23%]
tests/test_cycling_rolling_editions.py ................................. [ 23%]
...............................                                          [ 23%]
tests/test_d104_failover_stops_waiting_for_seven_days_4417.py .......... [ 23%]
.......                                                                  [ 23%]
tests/test_dark_repairs_are_dispatched_5111.py ...........               [ 23%]
tests/test_data_quality_classification_alert.py ........                 [ 23%]
tests/test_data_quality_watchdog.py .................................... [ 23%]
...........                                                              [ 23%]
tests/test_datagolf.py ................................................. [ 23%]
.............................................                            [ 23%]
tests/test_datagolf_future_resolution_guard.py .....                     [ 23%]
tests/test_datagolf_live_event_guard.py .........                        [ 23%]
tests/test_datagolf_price_changed_at_4958.py .....                       [ 23%]
tests/test_datagolf_recovery.py ...........                              [ 23%]
tests/test_datagolf_recovery_provenance.py ....................          [ 23%]
tests/test_datagolf_scores_envelope_6211.py ....................         [ 23%]
tests/test_datagolf_winner_zero_grade_1152.py ......                     [ 23%]
tests/test_date_bucket_ladder_1052.py .................................. [ 23%]
.....................                                                    [ 23%]
tests/test_date_ladder_is_not_squeezed_7650.py ......................... [ 23%]
............                                                             [ 23%]
tests/test_dated_fixture_carries_its_real_start_time.py ................ [ 24%]
........................................................................ [ 24%]
........................................................                 [ 24%]
tests/test_db_resting_statement_timeout_3776.py ...........              [ 24%]
tests/test_db_session_identity_300b.py ................................. [ 24%]
.......                                                                  [ 24%]
tests/test_dead_canonical_is_refused_6904.py ..........                  [ 24%]
tests/test_deadline_level_caption_6470.py .............................. [ 24%]
........................................................................ [ 24%]
...................                                                      [ 24%]
tests/test_deadline_policy_enforcement_census_3955.py ........           [ 24%]
tests/test_deadline_question_ladder_is_not_squeezed_7667.py ............ [ 24%]
.................                                                        [ 24%]
tests/test_death_event_retires_the_delta.py ...                          [ 24%]
tests/test_decomposed_container_parent_leaves_the_props_rail_4189.py ... [ 24%]
.............................                                            [ 24%]
tests/test_deep_otm_settled_spread_4845.py .....                         [ 24%]
tests/test_derivative_links_to_held_fixture_6134.py .................... [ 24%]
.............                                                            [ 24%]
tests/test_derivative_market_is_not_a_moneyline_6174.py ................ [ 24%]
...........                                                              [ 24%]
tests/test_detail_dates_its_movement_claim_4079.py ..............        [ 24%]
tests/test_devig_nway.py ........................                        [ 24%]
tests/test_devig_observation_oldest_contributor_5661.py ......           [ 24%]
tests/test_diacritic_search_folds_6977.py ...................            [ 24%]
tests/test_discover_bundle_awards_venue_question_6353.py ............... [ 24%]
                                                                         [ 24%]
tests/test_discover_bundle_candidacy_is_not_victory_7552.py ............ [ 24%]
....................                                                     [ 25%]
tests/test_discover_bundle_duplicate_family_4446.py ......               [ 25%]
tests/test_discover_bundle_season_split_4147.py ...................      [ 25%]
tests/test_discover_bundle_shared_question_4066.py ..................... [ 25%]
..............                                                           [ 25%]
tests/test_discover_bundle_tennis_duplicate_4479.py ................     [ 25%]
tests/test_discover_bundles.py ......................................... [ 25%]
.......                                                                  [ 25%]
tests/test_discover_candidate_snapshot.py ........                       [ 25%]
tests/test_discover_card_archetypes.py ..........................        [ 25%]
tests/test_discover_concept_spacing_2602.py ............................ [ 25%]
........................................................................ [ 25%]
....................................                                     [ 25%]
tests/test_discover_display_chain_shared.py .......................      [ 25%]
tests/test_discover_eligibility_reads_admission_1927a.py ............    [ 25%]
tests/test_discover_engagement_rank_buckets.py ..                        [ 25%]
tests/test_discover_feature_tokens_memo_lat228.py .........              [ 25%]
tests/test_discover_golf_tournament_story_6423.py ...................... [ 25%]
..................................................                       [ 25%]
tests/test_discover_interaction_write_path.py ....                       [ 25%]
tests/test_discover_judge_rubric.py ..................                   [ 25%]
tests/test_discover_label_eval_runs.py ......                            [ 25%]
tests/test_discover_llm_metadata.py ............                         [ 25%]
tests/test_discover_provenance.py ...................................    [ 25%]
tests/test_discover_reason_tags.py ..                                    [ 25%]
tests/test_discover_trace_matches_served_feed.py ................        [ 25%]
tests/test_discover_ufc_event_story_2602.py ..............               [ 25%]
tests/test_discover_ufc_events_residual_question.py ...................  [ 25%]
tests/test_discovery_advances_betting_consensus_5426.py ...........      [ 25%]
tests/test_district_code_regex_is_not_case_blind_6936.py ...........     [ 26%]
tests/test_doctrine_clause_numbering.py .....F.                          [ 26%]
tests/test_drift_coverage_p069.py ...........                            [ 26%]
tests/test_duplicate_condition_leg_never_wins_q487.py .................. [ 26%]
...                                                                      [ 26%]
tests/test_duplicate_condition_outcomes.py ..............                [ 26%]
tests/test_duplicate_leg_surfaces_q480.py ............                   [ 26%]
tests/test_duplicate_threshold_confidence_4035.py ...........            [ 26%]
tests/test_durable_state_298.py ........................................ [ 26%]
.................................................                        [ 26%]
tests/test_durable_venue_history_7807.py ............................... [ 26%]
............                                                             [ 26%]
tests/test_economics_government_distributions.py ....................... [ 26%]
...                                                                      [ 26%]
tests/test_economics_ladder_threshold_grammar_7827.py .................. [ 26%]
.....                                                                    [ 26%]
tests/test_economics_metals_reach_the_page_7809.py ..................... [ 26%]
.......                                                                  [ 26%]
tests/test_economics_mortgage_card_6702.py .....................         [ 26%]
tests/test_economics_normalization.py .....................              [ 26%]
tests/test_economics_oil_rows_name_their_question_3004.py .............. [ 26%]
..............                                                           [ 26%]
tests/test_economics_rate_path_hides_imminent_fomc_2870.py ............. [ 26%]
..................                                                       [ 26%]
tests/test_economics_recession_headline_2674.py .......................  [ 26%]
tests/test_economics_row_names_the_leg_it_prints_6696.py ............... [ 26%]
..................                                                       [ 26%]
tests/test_economics_todays_close_names_a_threshold_ladder_7115.py ..... [ 26%]
....................                                                     [ 26%]
tests/test_economics_todays_close_withholds_an_unpriced_leg_7085.py .... [ 26%]
...................                                                      [ 26%]
tests/test_email_compliance.py ................                          [ 26%]
tests/test_email_lead_time.py ..                                         [ 26%]
tests/test_empty_book_bid_bound_5333.py ...............................  [ 26%]
tests/test_empty_book_midpoint_5247.py ...........................       [ 27%]
tests/test_empty_book_midpoint_tolerance_6676.py ................        [ 27%]
tests/test_empty_book_spread_shape_6727.py ............................. [ 27%]
.............                                                            [ 27%]
tests/test_enrich_market_hooks_requires_evidence_5461.py ............... [ 27%]
.....                                                                    [ 27%]
tests/test_enrich_market_image_keywords.py ............................. [ 27%]
..........                                                               [ 27%]
tests/test_enrich_market_images_candidates.py ............               [ 27%]
tests/test_enrich_tmdb.py .......                                        [ 27%]
tests/test_entertainment_hook_gate_5926.py .......                       [ 27%]
tests/test_entertainment_leads_with_open_questions_7278.py ............. [ 27%]
..                                                                       [ 27%]
tests/test_entertainment_music_normalization.py .................        [ 27%]
tests/test_entertainment_ticker_prefix_collision_7298.py ............... [ 27%]
..............                                                           [ 27%]
tests/test_entity_page_tiers.py ........................................ [ 27%]
...............................                                          [ 27%]
tests/test_entity_registry.py .......................................... [ 27%]
...............                                                          [ 27%]
tests/test_entity_tier_histogram_reads_declared.py ..........            [ 27%]
tests/test_espn_api_parsing.py ......................................... [ 27%]
.....................................                                    [ 27%]
tests/test_espn_authority_dark_045.py .................                  [ 27%]
tests/test_espn_boxscore_group_aware.py ................................ [ 27%]
[...]
  See https://docs.pytest.org/en/stable/how-to/capture-warnings.html#resource-warnings for more info.

tests/test_polymarket_sub_market_sweep_lat_p161.py::test_the_batch_processor_inlines_no_copy_of_the_statement
  /usr/local/fbcode/platform010/Python3.12.framework/Versions/3.12/lib/python3.12/ast.py:52: RuntimeWarning: coroutine 'get_playoff_grid' was never awaited
    return compile(source, filename, mode, flags,
  Enable tracemalloc to get traceback where the object was allocated.
  See https://docs.pytest.org/en/stable/how-to/capture-warnings.html#resource-warnings for more info.

tests/test_price_change_stamp.py::test_a_none_price_still_produces_a_real_comparison
  /Users/bain/bainluck-dev/discover/backend/tests/test_price_change_stamp.py:35: SAWarning: Bound parameter '%(5034714720 param)s' rendering literal NULL in a SQL expression; comparisons to NULL should not use operators outside of 'is' or 'is not' (this warning may be suppressed after 10 occurrences)
    expr.compile(

tests/test_product_brain_integrity.py::test_ruling_claims_ledger_parses_in_the_documented_format
  /Users/bain/bainluck-dev/discover/backend/tests/test_product_brain_integrity.py:1150: LedgerSnapshotNotice: RULING-CLAIMS RULINGS ledger consumed by this run — ledger=/Users/bain/bainluck/.claude/handoff/RULING-CLAIMS.md section='RULINGS' digest=33fee2691a40 mtime=2026-09-05T23:17:33Z claims=121 deviations=0 dropped=0. This gate reads SHARED MUTABLE STATE in the main worktree (untracked, appended to by every live lane). Ruling 063: a verdict names the snapshot it came from, so quote this line rather than 'the suite was green'.
    ruling_ledger.announce(

tests/test_prop_families_completion_cert557.py::TestTheHealthGateActuallySeesIt::test_the_partial_terminal_is_classified_non_green
  tests/test_prop_families_completion_cert557.py:326: PytestWarning: The test <Function test_the_partial_terminal_is_classified_non_green> is marked with '@pytest.mark.asyncio' but it is not an async function. Please remove the asyncio mark. If the test is not marked explicitly, check for global marks applied via 'pytestmark'.
    def test_the_partial_terminal_is_classified_non_green(self):

tests/test_prop_families_completion_cert557.py::TestTheHealthGateActuallySeesIt::test_the_shape_that_was_shipped_would_have_read_green
  tests/test_prop_families_completion_cert557.py:342: PytestWarning: The test <Function test_the_shape_that_was_shipped_would_have_read_green> is marked with '@pytest.mark.asyncio' but it is not an async function. Please remove the asyncio mark. If the test is not marked explicitly, check for global marks applied via 'pytestmark'.
    def test_the_shape_that_was_shipped_would_have_read_green(self):

tests/test_prop_families_completion_cert557.py::TestOneEnvelopeReaderNotTwo::test_envelope_quality_refuses_every_unstamped_shape
  tests/test_prop_families_completion_cert557.py:530: PytestWarning: The test <Function test_envelope_quality_refuses_every_unstamped_shape> is marked with '@pytest.mark.asyncio' but it is not an async function. Please remove the asyncio mark. If the test is not marked explicitly, check for global marks applied via 'pytestmark'.
    def test_envelope_quality_refuses_every_unstamped_shape(self):

tests/test_prop_families_completion_cert557.py::TestOneEnvelopeReaderNotTwo::test_envelope_quality_reads_the_stamped_shape
  tests/test_prop_families_completion_cert557.py:534: PytestWarning: The test <Function test_envelope_quality_reads_the_stamped_shape> is marked with '@pytest.mark.asyncio' but it is not an async function. Please remove the asyncio mark. If the test is not marked explicitly, check for global marks applied via 'pytestmark'.
    def test_envelope_quality_reads_the_stamped_shape(self):

tests/test_prop_families_completion_cert557.py::TestOneEnvelopeReaderNotTwo::test_the_task_reads_the_envelope_through_the_route_helper
  tests/test_prop_families_completion_cert557.py:540: PytestWarning: The test <Function test_the_task_reads_the_envelope_through_the_route_helper> is marked with '@pytest.mark.asyncio' but it is not an async function. Please remove the asyncio mark. If the test is not marked explicitly, check for global marks applied via 'pytestmark'.
    def test_the_task_reads_the_envelope_through_the_route_helper(self):

tests/test_prop_families_completion_cert557.py::TestOneEnvelopeReaderNotTwo::test_the_two_reason_prefixes_are_declared_once_and_used
  tests/test_prop_families_completion_cert557.py:551: PytestWarning: The test <Function test_the_two_reason_prefixes_are_declared_once_and_used> is marked with '@pytest.mark.asyncio' but it is not an async function. Please remove the asyncio mark. If the test is not marked explicitly, check for global marks applied via 'pytestmark'.
    def test_the_two_reason_prefixes_are_declared_once_and_used(self):

tests/test_prop_families_completion_cert557.py::TestOneEnvelopeReaderNotTwo::test_deferral_reasons_selects_only_the_ious
  tests/test_prop_families_completion_cert557.py:562: PytestWarning: The test <Function test_deferral_reasons_selects_only_the_ious> is marked with '@pytest.mark.asyncio' but it is not an async function. Please remove the asyncio mark. If the test is not marked explicitly, check for global marks applied via 'pytestmark'.
    def test_deferral_reasons_selects_only_the_ious(self):

tests/test_prop_families_completion_cert557.py::TestOneEnvelopeReaderNotTwo::test_the_branch_timeout_constant_is_declared_exactly_once
  tests/test_prop_families_completion_cert557.py:568: PytestWarning: The test <Function test_the_branch_timeout_constant_is_declared_exactly_once> is marked with '@pytest.mark.asyncio' but it is not an async function. Please remove the asyncio mark. If the test is not marked explicitly, check for global marks applied via 'pytestmark'.
    def test_the_branch_timeout_constant_is_declared_exactly_once(self):

tests/test_prop_families_completion_cert557.py::TestTheBackgroundPathStillHasNoBudget::test_the_refresh_task_passes_no_budget
  tests/test_prop_families_completion_cert557.py:584: PytestWarning: The test <Function test_the_refresh_task_passes_no_budget> is marked with '@pytest.mark.asyncio' but it is not an async function. Please remove the asyncio mark. If the test is not marked explicitly, check for global marks applied via 'pytestmark'.
    def test_the_refresh_task_passes_no_budget(self):

tests/test_prop_families_completion_cert557.py::TestTheBackgroundPathStillHasNoBudget::test_the_warm_pass_passes_no_budget
  tests/test_prop_families_completion_cert557.py:593: PytestWarning: The test <Function test_the_warm_pass_passes_no_budget> is marked with '@pytest.mark.asyncio' but it is not an async function. Please remove the asyncio mark. If the test is not marked explicitly, check for global marks applied via 'pytestmark'.
    def test_the_warm_pass_passes_no_budget(self):

tests/test_prop_families_reader_budget_lat_p164.py::TestTheBudgetArithmetic::test_the_reader_budget_is_the_declared_constant
  tests/test_prop_families_reader_budget_lat_p164.py:577: PytestWarning: The test <Function test_the_reader_budget_is_the_declared_constant> is marked with '@pytest.mark.asyncio' but it is not an async function. Please remove the asyncio mark. If the test is not marked explicitly, check for global marks applied via 'pytestmark'.
    def test_the_reader_budget_is_the_declared_constant(self):

tests/test_prop_families_warm_reach_lat_p158.py::TestCoverageArithmeticStillHolds::test_a_maxed_out_set_is_still_covered_inside_the_mirror
  tests/test_prop_families_warm_reach_lat_p158.py:318: PytestWarning: The test <Function test_a_maxed_out_set_is_still_covered_inside_the_mirror> is marked with '@pytest.mark.asyncio' but it is not an async function. Please remove the asyncio mark. If the test is not marked explicitly, check for global marks applied via 'pytestmark'.
    def test_a_maxed_out_set_is_still_covered_inside_the_mirror(self):

tests/test_prop_families_warm_reach_lat_p158.py::TestCoverageArithmeticStillHolds::test_the_threshold_is_exactly_what_a_family_needs
  tests/test_prop_families_warm_reach_lat_p158.py:339: PytestWarning: The test <Function test_the_threshold_is_exactly_what_a_family_needs> is marked with '@pytest.mark.asyncio' but it is not an async function. Please remove the asyncio mark. If the test is not marked explicitly, check for global marks applied via 'pytestmark'.
    def test_the_threshold_is_exactly_what_a_family_needs(self):

tests/test_prop_families_warm_reach_lat_p158.py::TestCoverageArithmeticStillHolds::test_the_measured_union_is_covered_before_the_mirror_lapses
  tests/test_prop_families_warm_reach_lat_p158.py:383: PytestWarning: The test <Function test_the_measured_union_is_covered_before_the_mirror_lapses> is marked with '@pytest.mark.asyncio' but it is not an async function. Please remove the asyncio mark. If the test is not marked explicitly, check for global marks applied via 'pytestmark'.
    def test_the_measured_union_is_covered_before_the_mirror_lapses(self):

tests/test_prop_families_warm_reach_lat_p158.py::TestCoverageArithmeticStillHolds::test_the_ceiling_leaves_a_whole_pass_of_margin
  tests/test_prop_families_warm_reach_lat_p158.py:406: PytestWarning: The test <Function test_the_ceiling_leaves_a_whole_pass_of_margin> is marked with '@pytest.mark.asyncio' but it is not an async function. Please remove the asyncio mark. If the test is not marked explicitly, check for global marks applied via 'pytestmark'.
    def test_the_ceiling_leaves_a_whole_pass_of_margin(self):

tests/test_prop_families_warm_reach_lat_p158.py::TestCoverageArithmeticStillHolds::test_the_measured_union_is_inside_the_ceiling_and_the_headroom_is_stated
  tests/test_prop_families_warm_reach_lat_p158.py:427: PytestWarning: The test <Function test_the_measured_union_is_inside_the_ceiling_and_the_headroom_is_stated> is marked with '@pytest.mark.asyncio' but it is not an async function. Please remove the asyncio mark. If the test is not marked explicitly, check for global marks applied via 'pytestmark'.
    def test_the_measured_union_is_inside_the_ceiling_and_the_headroom_is_stated(self):

tests/test_prop_families_warm_reach_lat_p158.py::TestCoverageArithmeticStillHolds::test_the_ceiling_is_derived_from_the_budget_not_hard_coded
  tests/test_prop_families_warm_reach_lat_p158.py:441: PytestWarning: The test <Function test_the_ceiling_is_derived_from_the_budget_not_hard_coded> is marked with '@pytest.mark.asyncio' but it is not an async function. Please remove the asyncio mark. If the test is not marked explicitly, check for global marks applied via 'pytestmark'.
    def test_the_ceiling_is_derived_from_the_budget_not_hard_coded(self):

tests/test_prop_families_warm_reach_lat_p158.py::TestSeasonalGrowthTripsAtRuntime::test_the_pass_budget_bounds_the_work_not_the_population
  tests/test_prop_families_warm_reach_lat_p158.py:586: PytestWarning: The test <Function test_the_pass_budget_bounds_the_work_not_the_population> is marked with '@pytest.mark.asyncio' but it is not an async function. Please remove the asyncio mark. If the test is not marked explicitly, check for global marks applied via 'pytestmark'.
    def test_the_pass_budget_bounds_the_work_not_the_population(self):

tests/test_prop_families_warm_reach_lat_p158.py::TestRingCarriesUnfinishedQueries::test_unfinished_queries_survives_into_the_ring_record
  tests/test_prop_families_warm_reach_lat_p158.py:604: PytestWarning: The test <Function test_unfinished_queries_survives_into_the_ring_record> is marked with '@pytest.mark.asyncio' but it is not an async function. Please remove the asyncio mark. If the test is not marked explicitly, check for global marks applied via 'pytestmark'.
    def test_unfinished_queries_survives_into_the_ring_record(self):

tests/test_prop_families_warm_reach_lat_p158.py::TestRingCarriesUnfinishedQueries::test_a_clean_request_record_is_unchanged
  tests/test_prop_families_warm_reach_lat_p158.py:631: PytestWarning: The test <Function test_a_clean_request_record_is_unchanged> is marked with '@pytest.mark.asyncio' but it is not an async function. Please remove the asyncio mark. If the test is not marked explicitly, check for global marks applied via 'pytestmark'.
    def test_a_clean_request_record_is_unchanged(self):

tests/test_prop_families_warm_reach_lat_p158.py::TestRingCarriesUnfinishedQueries::test_a_zero_count_is_not_written
  tests/test_prop_families_warm_reach_lat_p158.py:646: PytestWarning: The test <Function test_a_zero_count_is_not_written> is marked with '@pytest.mark.asyncio' but it is not an async function. Please remove the asyncio mark. If the test is not marked explicitly, check for global marks applied via 'pytestmark'.
    def test_a_zero_count_is_not_written(self):

tests/test_rate_limit.py::TestTrustedUidResolver::test_wrong_signing_key_is_not_trusted
  /Users/bain/Library/Python/3.12/lib/python/site-packages/jwt/api_jwt.py:147: InsecureKeyLengthWarning: The HMAC key is 14 bytes long, which is below the minimum recommended length of 32 bytes for SHA256. See RFC 7518 Section 3.2.
    return self._jws.encode(

tests/test_reject_reason_coverage_2706.py::test_an_empty_probe_is_still_an_upstream_gap
  /Users/bain/bainluck-dev/discover/backend/app/tasks/prediction_market_matching.py:6830: SADeprecationWarning: Invoking or_() without arguments is deprecated, and will be disallowed in a future release.   For an empty or_() construct, use 'or_(false(), *args)' or 'or_(False, *args)'.
    probe_rows = await _probe(or_(*ilike_conditions))

tests/test_requirements_declares_test_imports_p165.py::test_every_third_party_module_the_tests_import_is_declared_in_requirements
tests/test_requirements_declares_test_imports_p165.py::test_the_scan_actually_covered_the_suite
  <unknown>:34: SyntaxWarning: invalid escape sequence '\s'

tests/test_requirements_declares_test_imports_p165.py::test_every_third_party_module_the_tests_import_is_declared_in_requirements
tests/test_requirements_declares_test_imports_p165.py::test_the_scan_actually_covered_the_suite
  <unknown>:323: SyntaxWarning: invalid escape sequence '\`'

tests/test_search_suggestions_tier_and_budget_3685.py::TestTheTierKeySet::test_every_key_it_returns_really_is_tier_one_or_two
  tests/test_search_suggestions_tier_and_budget_3685.py:51: PytestWarning: The test <Function test_every_key_it_returns_really_is_tier_one_or_two> is marked with '@pytest.mark.asyncio' but it is not an async function. Please remove the asyncio mark. If the test is not marked explicitly, check for global marks applied via 'pytestmark'.
    def test_every_key_it_returns_really_is_tier_one_or_two(self):

tests/test_search_suggestions_tier_and_budget_3685.py::TestTheTierKeySet::test_it_carries_the_spellings_events_are_actually_keyed_on
  tests/test_search_suggestions_tier_and_budget_3685.py:59: PytestWarning: The test <Function test_it_carries_the_spellings_events_are_actually_keyed_on> is marked with '@pytest.mark.asyncio' but it is not an async function. Please remove the asyncio mark. If the test is not marked explicitly, check for global marks applied via 'pytestmark'.
    def test_it_carries_the_spellings_events_are_actually_keyed_on(self):

tests/test_search_suggestions_tier_and_budget_3685.py::TestTheTierKeySet::test_a_minor_league_never_slips_in
  tests/test_search_suggestions_tier_and_budget_3685.py:85: PytestWarning: The test <Function test_a_minor_league_never_slips_in> is marked with '@pytest.mark.asyncio' but it is not an async function. Please remove the asyncio mark. If the test is not marked explicitly, check for global marks applied via 'pytestmark'.
    def test_a_minor_league_never_slips_in(self):

tests/test_search_suggestions_tier_and_budget_3685.py::TestTheTierKeySet::test_the_expansion_is_derived_and_not_a_second_hand_written_list
  tests/test_search_suggestions_tier_and_budget_3685.py:95: PytestWarning: The test <Function test_the_expansion_is_derived_and_not_a_second_hand_written_list> is marked with '@pytest.mark.asyncio' but it is not an async function. Please remove the asyncio mark. If the test is not marked explicitly, check for global marks applied via 'pytestmark'.
    def test_the_expansion_is_derived_and_not_a_second_hand_written_list(self):

tests/test_search_suggestions_tier_and_budget_3685.py::TestTheBudgetTableIsReadable::test_the_route_reads_the_table_and_not_a_literal
  tests/test_search_suggestions_tier_and_budget_3685.py:495: PytestWarning: The test <Function test_the_route_reads_the_table_and_not_a_literal> is marked with '@pytest.mark.asyncio' but it is not an async function. Please remove the asyncio mark. If the test is not marked explicitly, check for global marks applied via 'pytestmark'.
    def test_the_route_reads_the_table_and_not_a_literal(self):

tests/test_xfail_cannot_launder_exceptions.py::TestTheCensus::test_every_xfail_in_the_test_tree_admits_only_known_failure
tests/test_xfail_cannot_launder_exceptions.py::TestTheCensus::test_no_imperative_pytest_xfail_calls
tests/test_xfail_cannot_launder_exceptions.py::TestTheCensus::test_the_census_is_not_vacuous
  /Users/bain/bainluck-dev/discover/backend/tests/integration/test_faceted_answerless_rows_6354_real_postgres.py:34: SyntaxWarning: invalid escape sequence '\s'
    * **`\s` is not `[[:space:]]`, and whether it is depends on the server.**

tests/test_xfail_cannot_launder_exceptions.py::TestTheCensus::test_every_xfail_in_the_test_tree_admits_only_known_failure
tests/test_xfail_cannot_launder_exceptions.py::TestTheCensus::test_no_imperative_pytest_xfail_calls
tests/test_xfail_cannot_launder_exceptions.py::TestTheCensus::test_the_census_is_not_vacuous
  /Users/bain/bainluck-dev/discover/backend/tests/test_kalshi_league_token_sport_5621.py:323: SyntaxWarning: invalid escape sequence '\`'
    and even `clean=False` has already eaten the `\` line-continuations in the

-- Docs: https://docs.pytest.org/en/stable/how-to/capture-warnings.html
=========================== short test summary info ============================
FAILED tests/test_doctrine_clause_numbering.py::test_every_clause_above_the_floor_is_claimed_in_the_ledger
FAILED tests/test_watch_2107_blast_window.py::TestEverySlugMustCarryTheFix::test_the_real_checker_accepts_the_shipped_fix
= 2 failed, 55474 passed, 35 skipped, 61 xfailed, 128 warnings in 1580.47s (0:26:20) =

─────────────────────────────────────────────────────────────────────────────
TRIAGE OF THE TWO LOCAL REDS (neither is from this change; both are green in CI
on the exact sha a22dfa913, where every check-run concluded success).

1. test_doctrine_clause_numbering::test_every_clause_above_the_floor_is_claimed_in_the_ledger
   The gate's own LedgerSnapshotNotice says what it is: it reads SHARED MUTABLE
   STATE in the main worktree — ~/bainluck/.claude/handoff/RULING-CLAIMS.md,
   untracked, digest c3a1d70963d1, mtime 2026-09-05T23:17:33Z. It wants a claim
   for `### 33. A directive that names both a goal and a mechanism has smuggled
   in a design decision.` That clause is ON origin/master (docs/doctrine.md:968)
   and this stack changes nothing under docs/ or .claude/ (`git diff
   origin/master...HEAD -- docs/ .claude/` is empty). Another lane is landing it:
   origin/program/LAT-doctrine-33-mechanism. Theirs to claim (notice 6), and it
   reds the full local suite in every worktree until they do.

2. test_watch_2107_blast_window::TestEverySlugMustCarryTheFix::test_the_real_checker_accepts_the_shipped_fix
   "HEAD lacks b2e3e1a9; HEAD lacks 42f2356b" — two #2107 commits from 2026-08-23
   and 2026-08-24. Neither is an ancestor of origin/master either, so the same
   assertion fails by the same arithmetic on a pristine master checkout; it is
   not a statement about this branch. Not diagnosed further — it is not mine and
   CI is green on it.

Everything else: 14,4xx passed. The four tests that pin a frontend fixture or a
cross-tier manifest were run together and are green (150 passed).
