============================= test session starts ==============================
platform darwin -- Python 3.12.14+meta, pytest-9.0.3, pluggy-1.6.0
rootdir: /Users/bain/bainluck-dev/discover/backend
configfile: pytest.ini
plugins: asyncio-1.4.0, anyio-4.13.0
asyncio: mode=Mode.AUTO, debug=False, asyncio_default_fixture_loop_scope=None, asyncio_default_test_loop_scope=function
collected 28 items

tests/test_silent_first_page_cards_yield_the_slot_4695.py .............. [ 50%]
..........                                                               [ 85%]
tests/test_startup.py ....                                               [100%]

=============================== warnings summary ===============================
tests/test_silent_first_page_cards_yield_the_slot_4695.py::TestWhatCountsAsSilent::test_both_production_specimens_are_silent
  /Users/bain/bainluck-dev/discover/backend/app/routes/auth.py:118: PydanticDeprecatedSince20: Support for class-based `config` is deprecated, use ConfigDict instead. Deprecated in Pydantic V2.0 to be removed in V3.0. See Pydantic V2 Migration Guide at https://errors.pydantic.dev/2.13/migration/
    class UserProfileResponse(BaseModel):

-- Docs: https://docs.pytest.org/en/stable/how-to/capture-warnings.html
======================== 28 passed, 1 warning in 1.50s =========================
